*** ENVIRONMENT CRASH ***

Date: Nov 30 2016 12:34 PM

File Name: N:\Turing\turing.exe
Version: 4.1  [IBM/11]
File Size: 3059755
File Date: Feb 5 2005 7:56 PM
Operating System: After Windows XP
JVM: Ready Built-in JRE (1.4.2 or later)
"assert" Statements: disabled


Cause of Crash: In Page Error

Previous Operations:
    Set Selection (2) - sz:80:1715 - slFr:1566 - slTo:1566 - nlA:0
    Line Starts: 77:1689 78:1697 79:1706 80:1715
    Goto Error - sz:80:1715 - slFr:1566 - slTo:1566 - nlA:0
  CMD: WM_LBUTTONDOWN (D)
    Set Selection (1) - Text: 25e8f20 - L: 55 - C: 21
    Text - sz:80:1715 - slFr:66:8:1566 - slTo:66:8:1566 - nlA:0
    Line Starts: 77:1689 78:1697 79:1706 80:1715
    Set Selection (2) - sz:80:1715 - slFr:1402 - slTo:1402 - nlA:0
    Line Starts: 77:1689 78:1697 79:1706 80:1715
  CMD: WM_LBUTTONUP (D)
    Extend Selection - Text: 25e8f20 - L: 55 - C: 21 (x1)
    Text - sz:80:1715 - slFr:55:21:1402 - slTo:55:21:1402 - nlA:0
    Line Starts: 77:1689 78:1697 79:1706 80:1715
  CMD: WM_CHAR [0] (D) (x1) [0]
    Keystroke - Text: 25e8f20 - ch: 48
    Text - sz:80:1715 - slFr:1402 - slTo:1402 - nlA:0
    Line Starts: 77:1689 78:1697 79:1706 80:1715
    Keystroke (2) - sz:80:1716 - slFr:1403 - slTo:1403 - nlA:0
    Line Starts: 77:1690 78:1698 79:1707 80:1716
  CMD: WM_INITMENU (W)
  CMD: COMMAND_RUN
    Run (1) - Window: 303a2 - Ex: 1 - Args: 0 - Step: 0
    Turing Language Freeing Memory
    MIO_Init_Free called
    Object Freed 0
    Debugger Notify Init Run
    Deallocating object 0 (free=1)
    MIO_Init_Run called
    MIO_Init_Free called
    Debugger Notify Init Run
    Create standard input/output window
    MIOWin_CreateWindowFromAttribs (No Title)
    MIOWin_InitializeWindow: Create button bar
    MIOWin_InitializeWindow: Create inner grph win
  CMD: WM_ACTIVATE (W)
    MIOWin_InitializeWindow: Window initialized
    Object Allocated 11 -2
    Object Allocated 11 -1
    Create standard error window
    MIOWin_CreateWindowFromAttribs (Standard Error)
    MIOWin_InitializeWindow: Create button bar
    MIOWin_InitializeWindow: Create inner text win
    MIOWin_InitializeWindow: Window initialized
    Object Allocated 11 0
    View/Window.Set called (offscreenonly,nobuttonbar,graphics:200,200,position:500,300)
    MIOWin_CreateWindowFromAttribs (Snake Project Run Window)
    MIOWin_InitializeWindow: Create button bar
    MIOWin_InitializeWindow: Create inner grph win
    MIOWin_InitializeWindow: Window initialized
    Substitute Run Window 250470 f047c (offscreenonly,nobuttonbar,graphics:200,200,position:500,300)
    Run Window Added f047c 
  CMD: WM_ACTIVATE (W)
  CMD: WM_ACTIVATE (W)
    Notify All Run Windows Closed
  CMD: WM_ACTIVATE (W)
  CMD: WM_SETFOCUS (W)
  CMD: WM_ACTIVATE (W)
    Stop Execution from Run Window
    Kill Running Program
    Object Freed -1
    Debugger Notify Finalize Run
    Find Next Error (1) - Text: 303a2 - Activate: 1
    Set Selection (1) - Text: 25e8f20 - L: 66 - C: 8
    Text - sz:80:1716 - slFr:55:22:1403 - slTo:55:22:1403 - nlA:0
    Line Starts: 77:1690 78:1698 79:1707 80:1716
    Set Selection (2) - sz:80:1716 - slFr:1567 - slTo:1567 - nlA:0
    Line Starts: 77:1690 78:1698 79:1707 80:1716
    Goto Error - sz:80:1716 - slFr:1567 - slTo:1567 - nlA:0
  CMD: WM_LBUTTONDOWN (D)
    Set Selection (1) - Text: 25e8f20 - L: 55 - C: 22
    Text - sz:80:1716 - slFr:66:8:1567 - slTo:66:8:1567 - nlA:0
    Line Starts: 77:1690 78:1698 79:1707 80:1716
    Set Selection (2) - sz:80:1716 - slFr:1403 - slTo:1403 - nlA:0
    Line Starts: 77:1690 78:1698 79:1707 80:1716
  CMD: WM_LBUTTONUP (D)
    Extend Selection - Text: 25e8f20 - L: 55 - C: 22 (x1)
    Text - sz:80:1716 - slFr:55:22:1403 - slTo:55:22:1403 - nlA:0
    Line Starts: 77:1690 78:1698 79:1707 80:1716
  CMD: COMMAND_MOVE/SELECT_COLUMN_LEFT
    Move Column Left - Text: 25e8f20 - Select: 0
    Text - sz:80:1716 - slFr:1403 - slTo:1403 - nlA:0
    Line Starts: 77:1690 78:1698 79:1707 80:1716
  CMD: COMMAND_MOVE/SELECT_COLUMN_LEFT
    Move Column Left - Text: 25e8f20 - Select: 0
    Text - sz:80:1716 - slFr:55:21:1402 - slTo:55:21:1402 - nlA:0
    Line Starts: 77:1690 78:1698 79:1707 80:1716
  CMD: WM_CHAR [#8] (D)
    Keystroke - Text: 25e8f20 - ch: 8
    Text - sz:80:1716 - slFr:55:20:1401 - slTo:55:20:1401 - nlA:0
    Line Starts: 77:1690 78:1698 79:1707 80:1716
    Keystroke (2) - sz:80:1715 - slFr:1400 - slTo:1400 - nlA:0
    Line Starts: 77:1689 78:1697 79:1706 80:1715
  CMD: WM_CHAR [3] (D) (x1) [3]
    Keystroke - Text: 25e8f20 - ch: 51
    Text - sz:80:1715 - slFr:55:19:1400 - slTo:55:19:1400 - nlA:0
    Line Starts: 77:1689 78:1697 79:1706 80:1715
    Keystroke (2) - sz:80:1716 - slFr:1401 - slTo:1401 - nlA:0
    Line Starts: 77:1690 78:1698 79:1707 80:1716
  CMD: WM_INITMENU (W)
  CMD: COMMAND_RUN
    Run (1) - Window: 303a2 - Ex: 1 - Args: 0 - Step: 0
    Turing Language Freeing Memory
    MIO_Init_Free called
    Object Freed 0
    Debugger Notify Init Run
    Deallocating object 0 (free=1)
    MIO_Init_Run called
    MIO_Init_Free called
    Debugger Notify Init Run
    Create standard input/output window
    MIOWin_CreateWindowFromAttribs (No Title)
    MIOWin_InitializeWindow: Create button bar
    MIOWin_InitializeWindow: Create inner grph win
  CMD: WM_ACTIVATE (W)
    MIOWin_InitializeWindow: Window initialized
    Object Allocated 11 -2
    Object Allocated 11 -1
    Create standard error window
    MIOWin_CreateWindowFromAttribs (Standard Error)
    MIOWin_InitializeWindow: Create button bar
    MIOWin_InitializeWindow: Create inner text win
    MIOWin_InitializeWindow: Window initialized
    Object Allocated 11 0
    View/Window.Set called (offscreenonly,nobuttonbar,graphics:200,200,position:500,300)
    MIOWin_CreateWindowFromAttribs (Snake Project Run Window)
    MIOWin_InitializeWindow: Create button bar
    MIOWin_InitializeWindow: Create inner grph win
    MIOWin_InitializeWindow: Window initialized
    Substitute Run Window 2d031a 1e0488 (offscreenonly,nobuttonbar,graphics:200,200,position:500,300)
    Run Window Added 1e0488 
  CMD: WM_ACTIVATE (W)
  CMD: WM_ACTIVATE (W)
    Notify All Run Windows Closed
  CMD: WM_ACTIVATE (W)
  CMD: WM_SETFOCUS (W)
  CMD: WM_ACTIVATE (W)
    Stop Execution from Run Window
    Kill Running Program
    Object Freed -1
    Debugger Notify Finalize Run
    Find Next Error (1) - Text: 303a2 - Activate: 1
    Set Selection (1) - Text: 25e8f20 - L: 66 - C: 8
    Text - sz:80:1716 - slFr:55:20:1401 - slTo:55:20:1401 - nlA:0
    Line Starts: 77:1690 78:1698 79:1707 80:1716
    Set Selection (2) - sz:80:1716 - slFr:1567 - slTo:1567 - nlA:0
    Line Starts: 77:1690 78:1698 79:1707 80:1716
    Goto Error - sz:80:1716 - slFr:1567 - slTo:1567 - nlA:0
  CMD: WM_ACTIVATE (W)
  CMD: WM_ACTIVATE (W)
  CMD: WM_CLOSE (W)


Registers
  EAX=00000000  EBX=0019C500  ECX=00000000  EDX=0075DAF8  ESI=00000000
  EDI=0000000A  EBP=0019C4DC  ESP=0019C478  EIP=77A6D6AC  FLG=00010246
  CS=0023  DS=002B  SS=002B  ES=002B  FS=0053  GS=002B

List of Modules: 
    N:\Turing\turing.exe
    C:\Windows\SYSTEM32\ntdll.dll
    C:\Windows\SYSTEM32\KERNEL32.DLL
    C:\Windows\SYSTEM32\KERNELBASE.dll
    C:\Windows\SYSTEM32\USER32.dll
    C:\Windows\SYSTEM32\GDI32.dll
    C:\Windows\SYSTEM32\comdlg32.dll
    C:\Windows\SYSTEM32\msvcrt.dll
    C:\Windows\WinSxS\x86_microsoft.windows.common-controls_6595b64144ccf1df_5.82.10586.0_none_811bc0006c44242b\COMCTL32.dll
    C:\Windows\SYSTEM32\combase.dll
    C:\Windows\SYSTEM32\ADVAPI32.dll
    C:\Windows\SYSTEM32\sechost.dll
    C:\Windows\SYSTEM32\RPCRT4.dll
    C:\Windows\SYSTEM32\SspiCli.dll
    C:\Windows\SYSTEM32\CRYPTBASE.dll
    C:\Windows\SYSTEM32\VERSION.dll
    C:\Windows\SYSTEM32\WINMM.dll
    C:\Windows\SYSTEM32\bcryptPrimitives.dll
    C:\Windows\SYSTEM32\shcore.dll
    C:\Windows\SYSTEM32\SHLWAPI.dll
    C:\Windows\SYSTEM32\SHELL32.dll
    C:\Windows\SYSTEM32\cfgmgr32.dll
    C:\Windows\SYSTEM32\windows.storage.dll
    C:\Windows\SYSTEM32\winmmbase.dll
    C:\Windows\SYSTEM32\kernel.appcore.dll
    C:\Windows\SYSTEM32\powrprof.dll
    C:\Windows\SYSTEM32\profapi.dll
    C:\Windows\SYSTEM32\FirewallAPI.dll
    C:\Windows\SYSTEM32\NETAPI32.dll
    C:\Windows\SYSTEM32\DAVHLPR.DLL
    C:\Windows\SYSTEM32\IMM32.DLL
    C:\Windows\SYSTEM32\fwbase.dll
    C:\Windows\system32\uxtheme.dll
    C:\Windows\SYSTEM32\MSCTF.dll
    C:\Windows\system32\dwmapi.dll
    C:\Windows\SYSTEM32\psapi.dll
    C:\Windows\SYSTEM32\ws2_32.dll
    C:\Windows\WinSxS\x86_microsoft.windows.common-controls_6595b64144ccf1df_6.0.10586.0_none_d3c2e4e965da4528\comctl32.DLL
    C:\Windows\SYSTEM32\DINPUT.DLL
    C:\Windows\SYSTEM32\HID.DLL
    C:\Windows\SYSTEM32\SETUPAPI.DLL
    C:\Windows\SYSTEM32\DEVOBJ.dll
    C:\Windows\SYSTEM32\WINTRUST.dll
    C:\Windows\SYSTEM32\MSASN1.dll
    C:\Windows\SYSTEM32\CRYPT32.dll
    C:\Windows\SYSTEM32\MMDevAPI.DLL
    C:\Windows\SYSTEM32\PROPSYS.dll
    C:\Windows\SYSTEM32\OLEAUT32.dll
    C:\Windows\SYSTEM32\wdmaud.drv
    C:\Windows\SYSTEM32\ksuser.dll
    C:\Windows\SYSTEM32\AVRT.dll
    C:\Windows\SYSTEM32\AUDIOSES.DLL
    C:\Windows\SYSTEM32\wintypes.dll
    C:\Windows\SYSTEM32\msacm32.drv
    C:\Windows\SYSTEM32\MSACM32.dll
    C:\Windows\SYSTEM32\midimap.dll
    C:\Windows\SYSTEM32\dbghelp.dll

  0 .V PC=0023:77a6d6ac Ret=74a4b82c Frame=0019c4dc Stack=0019c478
    Parameters (0x00400000 0x0000200a 0x00000000 0x00000001)
    Unknown module, RtlLoadString() + 0220 byte(s)
  1 .V PC=0023:74a4b82c Ret=7486fd54 Frame=0019c51c Stack=0019c4e4
    Parameters (0x00400000 0x0000200a 0x0019c544 0x00000000)
    Unknown module, LoadStringBaseExW() + 0092 byte(s)
  2 .V PC=0023:7486fd54 Ret=0042d35c Frame=0019c54c Stack=0019c524
    Parameters (0x00400000 0x0000200a 0x0019c590 0x00001000)
    Unknown module, LoadStringA() + 0052 byte(s)
  3 .V PC=0023:0042d35c Ret=0042d53d Frame=0019c56c Stack=0019c554
    Parameters (0x0000200a 0x0019c590 0x00001000 0x0041ff99)
    P:\ready\src\edgui.c, EdGUI_LoadString (), Line 1432+0026 byte(s)
  4 .V PC=0023:0042d53d Ret=0042e0c4 Frame=0019d99c Stack=0019c574
    Parameters (0x000303a2 0x00000033 0x00001389 0x0000200a)
    P:\ready\src\edgui.c, EdGUI_Message1 (), Line 1496+0021 byte(s)
  5 .V PC=0023:0042e0c4 Ret=0042011c Frame=0019d9c8 Stack=0019d9a4
    Parameters (0x000303a2 0x00000000 0x00000010 0xcccccccc)
    P:\ready\src\eddisp.c, EdDisp_CheckForClose (), Line 0855+0025 byte(s)
  6 .V PC=0023:0042011c Ret=748784e3 Frame=0019d9f4 Stack=0019d9d0
    Parameters (0x0011048c 0x00000010 0x00000000 0x00000000)
    P:\ready\src\edwin.c, MyEditorWindowProcedure (), Line 1464+0018 byte(s)
  7 .V PC=0023:748784e3 Ret=74856c30 Frame=0019da20 Stack=0019d9fc
    Parameters (0x0041ff99 0x0011048c 0x00000010 0x00000000)
    Unknown module, SetManipulationInputTarget() + 0083 byte(s)
  8 .V PC=0023:74856c30 Ret=74856810 Frame=0019dac8 Stack=0019da28
    Parameters (0x0041ff99 0x00000000 0x00000010 0x00000000)
    Unknown module, CallWindowProcW() + 0768 byte(s)
  9 .V PC=0023:74856810 Ret=7485d159 Frame=0019db28 Stack=0019dad0
    Parameters (0x0121e840 0x00000000 0x00000010 0x00000000)
    Unknown module, DispatchMessageW() + 1328 byte(s)
 10 .V PC=0023:7485d159 Ret=77a88f36 Frame=0019db68 Stack=0019db30
    Parameters (0x0019db84 0x00000020 0x0019dd3c 0x77a88e80)
    Unknown module, PeekMessageW() + 1369 byte(s)
 11 .V PC=0023:77a88f36 Ret=74876b7c Frame=0019dc30 Stack=0019db70
    Parameters (0x0121e840 0x00000000 0x00000555 0x00000001)
    Unknown module, KiUserCallbackDispatcher() + 0054 byte(s)
 12 .V PC=0023:74876b7c Ret=719285b8 Frame=0019dc4c Stack=0019dc38
    Parameters (0x0011048c 0x00000112 0x0000f060 0x00000555)
    Unknown module, InflateRect() + 0236 byte(s)
 13 .V PC=0023:719285b8 Ret=71928405 Frame=0019dc6c Stack=0019dc54
    Parameters (0x00000112 0xce1f6654 0x0019dce8 0x7192742a)
    Unknown module, Ordinal106() + 2760 byte(s)
 14 .V PC=0023:71928405 Ret=7192742a Frame=0019dc7c Stack=0019dc74
    Parameters (0x00e16768 0x0019dc98 0x0041ff99 0x719396b0)
    Unknown module, Ordinal106() + 2325 byte(s)
 15 .V PC=0023:7192742a Ret=719396c8 Frame=0019dce8 Stack=0019dc84
    Parameters (0x0000f060 0x00000555 0x00000000 0x0019dd4c)
    Unknown module, OpenThemeData() + 10538 byte(s)
 16 .V PC=0023:719396c8 Ret=748546b9 Frame=0019dcfc Stack=0019dcf0
    Parameters (0x0011048c 0x00000112 0x0000f060 0x00000555)
    Unknown module, GetThemeBool() + 0200 byte(s)
 17 .V PC=0023:748546b9 Ret=004204b1 Frame=0019dd4c Stack=0019dd04
    Parameters (0x0011048c 0x00000112 0x0000f060 0x00000555)
    Unknown module, GetWindowRect() + 1401 byte(s)
 18 .V PC=0023:004204b1 Ret=748784e3 Frame=0019dd84 Stack=0019dd54
    Parameters (0x0011048c 0x00000112 0x0000f060 0x00000555)
    P:\ready\src\edwin.c, MyEditorWindowProcedure (), Line 1616+0024 byte(s)
 19 .V PC=0023:748784e3 Ret=74856c30 Frame=0019ddb0 Stack=0019dd8c
    Parameters (0x0041ff99 0x0011048c 0x00000112 0x0000f060)
    Unknown module, SetManipulationInputTarget() + 0083 byte(s)
 20 .V PC=0023:74856c30 Ret=74856810 Frame=0019de58 Stack=0019ddb8
    Parameters (0x0041ff99 0x00000000 0x00000112 0x0000f060)
    Unknown module, CallWindowProcW() + 0768 byte(s)
 21 .V PC=0023:74856810 Ret=7485d159 Frame=0019deb8 Stack=0019de60
    Parameters (0x0121e840 0x00000000 0x00000112 0x0000f060)
    Unknown module, DispatchMessageW() + 1328 byte(s)
 22 .V PC=0023:7485d159 Ret=77a88f36 Frame=0019def8 Stack=0019dec0
    Parameters (0x0019df14 0x00000020 0x0019e0d0 0x77a88e80)
    Unknown module, PeekMessageW() + 1369 byte(s)
 23 .V PC=0023:77a88f36 Ret=74876b7c Frame=0019dfc0 Stack=0019df00
    Parameters (0x0121e840 0x00000000 0x00000555 0x00000001)
    Unknown module, KiUserCallbackDispatcher() + 0054 byte(s)
 24 .V PC=0023:74876b7c Ret=719285b8 Frame=0019dfdc Stack=0019dfc8
    Parameters (0x0011048c 0x000000a1 0x00000014 0x00000555)
    Unknown module, InflateRect() + 0236 byte(s)
 25 .V PC=0023:719285b8 Ret=719282e6 Frame=0019dffc Stack=0019dfe4
    Parameters (0x000000a1 0x71928280 0x00000000 0x0019e07c)
    Unknown module, Ordinal106() + 2760 byte(s)
 26 .V PC=0023:719282e6 Ret=7192742a Frame=0019e010 Stack=0019e004
    Parameters (0x00e16768 0x0019e02c 0x0041ff99 0x719396b0)
    Unknown module, Ordinal106() + 2038 byte(s)
 27 .V PC=0023:7192742a Ret=719396c8 Frame=0019e07c Stack=0019e018
    Parameters (0x00000014 0x00000555 0x00000000 0x0019e0e0)
    Unknown module, OpenThemeData() + 10538 byte(s)
 28 .V PC=0023:719396c8 Ret=748546b9 Frame=0019e090 Stack=0019e084
    Parameters (0x0011048c 0x000000a1 0x00000014 0x00000555)
    Unknown module, GetThemeBool() + 0200 byte(s)
 29 .V PC=0023:748546b9 Ret=004204b1 Frame=0019e0e0 Stack=0019e098
    Parameters (0x0011048c 0x000000a1 0x00000014 0x00000555)
    Unknown module, GetWindowRect() + 1401 byte(s)
 30 .V PC=0023:004204b1 Ret=748784e3 Frame=0019e118 Stack=0019e0e8
    Parameters (0x0011048c 0x000000a1 0x00000014 0x00000555)
    P:\ready\src\edwin.c, MyEditorWindowProcedure (), Line 1616+0024 byte(s)
 31 .V PC=0023:748784e3 Ret=74856c30 Frame=0019e144 Stack=0019e120
    Parameters (0x0041ff99 0x0011048c 0x000000a1 0x00000014)
    Unknown module, SetManipulationInputTarget() + 0083 byte(s)
 32 .V PC=0023:74856c30 Ret=74856531 Frame=0019e1ec Stack=0019e14c
    Parameters (0x0041ff99 0x00000000 0x000000a1 0x00000014)
    Unknown module, CallWindowProcW() + 0768 byte(s)
 33 .V PC=0023:74856531 Ret=74876f20 Frame=0019e258 Stack=0019e1f4
    Parameters (0x0019e270 0x00417536 0x0019e280 0x0019e27c)
    Unknown module, DispatchMessageW() + 0593 byte(s)
 34 .V PC=0023:74876f20 Ret=00417536 Frame=0019e260 Stack=0019e260
    Parameters (0x0019e280 0x0019e27c 0x0019e2a0 0x004174a1)
    Unknown module, DispatchMessageA() + 0016 byte(s)
 35 .V PC=0023:00417536 Ret=004174a1 Frame=0019e270 Stack=0019e268
    Parameters (0x0019e280 0x0019e2a8 0x0011048c 0x000000a1)
    P:\ready\src\ed.c, MyProcessMessage (), Line 1856+0012 byte(s)
 36 .V PC=0023:004174a1 Ret=00415862 Frame=0019e2a0 Stack=0019e278
    Parameters (0x00401000 0x00401000 0xcccccccc 0xcccccccc)
    P:\ready\src\ed.c, MyProcessEvents (), Line 1826+0009 byte(s)
 37 .V PC=0023:00415862 Ret=00401126 Frame=0019fef0 Stack=0019e2a8
    Parameters (0x00400000 0x00000000 0x00991bbf 0x00000001)
    P:\ready\src\ed.c, WinMain (), Line 0470+0005 byte(s)
 38 .V PC=0023:00401126 Ret=75ad38f4 Frame=0019ff80 Stack=0019fef8
    Parameters (0x0025e000 0x75ad38d0 0xca7727eb 0x0019ffdc)
    crt0.c, WinMainCRTStartup (), Line 0198+0054 byte(s)
 39 .V PC=0023:75ad38f4 Ret=77a75663 Frame=0019ff94 Stack=0019ff88
    Parameters (0x0025e000 0xc871cac9 0x00000000 0x00000000)
    Unknown module, BaseThreadInitThunk() + 0036 byte(s)
 40 .V PC=0023:77a75663 Ret=77a7562e Frame=0019ffdc Stack=0019ff9c
    Parameters (0xffffffff 0x77a9bb5f 0x00000000 0x00000000)
    Unknown module, RtlUnicodeStringToInteger() + 0595 byte(s)
 41 .V PC=0023:77a7562e Ret=00000000 Frame=0019ffec Stack=0019ffe4
    Parameters (0x00401000 0x0025e000 0x00000000 0x78746341)
    Unknown module, RtlUnicodeStringToInteger() + 0542 byte(s)

------------------------------------------------------
*** ENVIRONMENT CRASH ***

Date: Nov 30 2016 12:34 PM

File Name: N:\Turing\turing.exe
Version: 4.1  [IBM/11]
File Size: 3059755
File Date: Feb 5 2005 7:56 PM
Operating System: After Windows XP
JVM: Ready Built-in JRE (1.4.2 or later)
"assert" Statements: disabled


Cause of Crash: In Page Error

Previous Operations:
    Set Selection (2) - sz:80:1715 - slFr:1566 - slTo:1566 - nlA:0
    Line Starts: 77:1689 78:1697 79:1706 80:1715
    Goto Error - sz:80:1715 - slFr:1566 - slTo:1566 - nlA:0
  CMD: WM_LBUTTONDOWN (D)
    Set Selection (1) - Text: 25e8f20 - L: 55 - C: 21
    Text - sz:80:1715 - slFr:66:8:1566 - slTo:66:8:1566 - nlA:0
    Line Starts: 77:1689 78:1697 79:1706 80:1715
    Set Selection (2) - sz:80:1715 - slFr:1402 - slTo:1402 - nlA:0
    Line Starts: 77:1689 78:1697 79:1706 80:1715
  CMD: WM_LBUTTONUP (D)
    Extend Selection - Text: 25e8f20 - L: 55 - C: 21 (x1)
    Text - sz:80:1715 - slFr:55:21:1402 - slTo:55:21:1402 - nlA:0
    Line Starts: 77:1689 78:1697 79:1706 80:1715
  CMD: WM_CHAR [0] (D) (x1) [0]
    Keystroke - Text: 25e8f20 - ch: 48
    Text - sz:80:1715 - slFr:1402 - slTo:1402 - nlA:0
    Line Starts: 77:1689 78:1697 79:1706 80:1715
    Keystroke (2) - sz:80:1716 - slFr:1403 - slTo:1403 - nlA:0
    Line Starts: 77:1690 78:1698 79:1707 80:1716
  CMD: WM_INITMENU (W)
  CMD: COMMAND_RUN
    Run (1) - Window: 303a2 - Ex: 1 - Args: 0 - Step: 0
    Turing Language Freeing Memory
    MIO_Init_Free called
    Object Freed 0
    Debugger Notify Init Run
    Deallocating object 0 (free=1)
    MIO_Init_Run called
    MIO_Init_Free called
    Debugger Notify Init Run
    Create standard input/output window
    MIOWin_CreateWindowFromAttribs (No Title)
    MIOWin_InitializeWindow: Create button bar
    MIOWin_InitializeWindow: Create inner grph win
  CMD: WM_ACTIVATE (W)
    MIOWin_InitializeWindow: Window initialized
    Object Allocated 11 -2
    Object Allocated 11 -1
    Create standard error window
    MIOWin_CreateWindowFromAttribs (Standard Error)
    MIOWin_InitializeWindow: Create button bar
    MIOWin_InitializeWindow: Create inner text win
    MIOWin_InitializeWindow: Window initialized
    Object Allocated 11 0
    View/Window.Set called (offscreenonly,nobuttonbar,graphics:200,200,position:500,300)
    MIOWin_CreateWindowFromAttribs (Snake Project Run Window)
    MIOWin_InitializeWindow: Create button bar
    MIOWin_InitializeWindow: Create inner grph win
    MIOWin_InitializeWindow: Window initialized
    Substitute Run Window 250470 f047c (offscreenonly,nobuttonbar,graphics:200,200,position:500,300)
    Run Window Added f047c 
  CMD: WM_ACTIVATE (W)
  CMD: WM_ACTIVATE (W)
    Notify All Run Windows Closed
  CMD: WM_ACTIVATE (W)
  CMD: WM_SETFOCUS (W)
  CMD: WM_ACTIVATE (W)
    Stop Execution from Run Window
    Kill Running Program
    Object Freed -1
    Debugger Notify Finalize Run
    Find Next Error (1) - Text: 303a2 - Activate: 1
    Set Selection (1) - Text: 25e8f20 - L: 66 - C: 8
    Text - sz:80:1716 - slFr:55:22:1403 - slTo:55:22:1403 - nlA:0
    Line Starts: 77:1690 78:1698 79:1707 80:1716
    Set Selection (2) - sz:80:1716 - slFr:1567 - slTo:1567 - nlA:0
    Line Starts: 77:1690 78:1698 79:1707 80:1716
    Goto Error - sz:80:1716 - slFr:1567 - slTo:1567 - nlA:0
  CMD: WM_LBUTTONDOWN (D)
    Set Selection (1) - Text: 25e8f20 - L: 55 - C: 22
    Text - sz:80:1716 - slFr:66:8:1567 - slTo:66:8:1567 - nlA:0
    Line Starts: 77:1690 78:1698 79:1707 80:1716
    Set Selection (2) - sz:80:1716 - slFr:1403 - slTo:1403 - nlA:0
    Line Starts: 77:1690 78:1698 79:1707 80:1716
  CMD: WM_LBUTTONUP (D)
    Extend Selection - Text: 25e8f20 - L: 55 - C: 22 (x1)
    Text - sz:80:1716 - slFr:55:22:1403 - slTo:55:22:1403 - nlA:0
    Line Starts: 77:1690 78:1698 79:1707 80:1716
  CMD: COMMAND_MOVE/SELECT_COLUMN_LEFT
    Move Column Left - Text: 25e8f20 - Select: 0
    Text - sz:80:1716 - slFr:1403 - slTo:1403 - nlA:0
    Line Starts: 77:1690 78:1698 79:1707 80:1716
  CMD: COMMAND_MOVE/SELECT_COLUMN_LEFT
    Move Column Left - Text: 25e8f20 - Select: 0
    Text - sz:80:1716 - slFr:55:21:1402 - slTo:55:21:1402 - nlA:0
    Line Starts: 77:1690 78:1698 79:1707 80:1716
  CMD: WM_CHAR [#8] (D)
    Keystroke - Text: 25e8f20 - ch: 8
    Text - sz:80:1716 - slFr:55:20:1401 - slTo:55:20:1401 - nlA:0
    Line Starts: 77:1690 78:1698 79:1707 80:1716
    Keystroke (2) - sz:80:1715 - slFr:1400 - slTo:1400 - nlA:0
    Line Starts: 77:1689 78:1697 79:1706 80:1715
  CMD: WM_CHAR [3] (D) (x1) [3]
    Keystroke - Text: 25e8f20 - ch: 51
    Text - sz:80:1715 - slFr:55:19:1400 - slTo:55:19:1400 - nlA:0
    Line Starts: 77:1689 78:1697 79:1706 80:1715
    Keystroke (2) - sz:80:1716 - slFr:1401 - slTo:1401 - nlA:0
    Line Starts: 77:1690 78:1698 79:1707 80:1716
  CMD: WM_INITMENU (W)
  CMD: COMMAND_RUN
    Run (1) - Window: 303a2 - Ex: 1 - Args: 0 - Step: 0
    Turing Language Freeing Memory
    MIO_Init_Free called
    Object Freed 0
    Debugger Notify Init Run
    Deallocating object 0 (free=1)
    MIO_Init_Run called
    MIO_Init_Free called
    Debugger Notify Init Run
    Create standard input/output window
    MIOWin_CreateWindowFromAttribs (No Title)
    MIOWin_InitializeWindow: Create button bar
    MIOWin_InitializeWindow: Create inner grph win
  CMD: WM_ACTIVATE (W)
    MIOWin_InitializeWindow: Window initialized
    Object Allocated 11 -2
    Object Allocated 11 -1
    Create standard error window
    MIOWin_CreateWindowFromAttribs (Standard Error)
    MIOWin_InitializeWindow: Create button bar
    MIOWin_InitializeWindow: Create inner text win
    MIOWin_InitializeWindow: Window initialized
    Object Allocated 11 0
    View/Window.Set called (offscreenonly,nobuttonbar,graphics:200,200,position:500,300)
    MIOWin_CreateWindowFromAttribs (Snake Project Run Window)
    MIOWin_InitializeWindow: Create button bar
    MIOWin_InitializeWindow: Create inner grph win
    MIOWin_InitializeWindow: Window initialized
    Substitute Run Window 2d031a 1e0488 (offscreenonly,nobuttonbar,graphics:200,200,position:500,300)
    Run Window Added 1e0488 
  CMD: WM_ACTIVATE (W)
  CMD: WM_ACTIVATE (W)
    Notify All Run Windows Closed
  CMD: WM_ACTIVATE (W)
  CMD: WM_SETFOCUS (W)
  CMD: WM_ACTIVATE (W)
    Stop Execution from Run Window
    Kill Running Program
    Object Freed -1
    Debugger Notify Finalize Run
    Find Next Error (1) - Text: 303a2 - Activate: 1
    Set Selection (1) - Text: 25e8f20 - L: 66 - C: 8
    Text - sz:80:1716 - slFr:55:20:1401 - slTo:55:20:1401 - nlA:0
    Line Starts: 77:1690 78:1698 79:1707 80:1716
    Set Selection (2) - sz:80:1716 - slFr:1567 - slTo:1567 - nlA:0
    Line Starts: 77:1690 78:1698 79:1707 80:1716
    Goto Error - sz:80:1716 - slFr:1567 - slTo:1567 - nlA:0
  CMD: WM_ACTIVATE (W)
  CMD: WM_ACTIVATE (W)
  CMD: WM_CLOSE (W)


Registers
  EAX=00000000  EBX=0019C500  ECX=00000000  EDX=0075DAF8  ESI=00000000
  EDI=0000000A  EBP=0019C4DC  ESP=0019C478  EIP=77A6D6AC  FLG=00010246
  CS=0023  DS=002B  SS=002B  ES=002B  FS=0053  GS=002B

List of Modules: 
    N:\Turing\turing.exe
    C:\Windows\SYSTEM32\ntdll.dll
    C:\Windows\SYSTEM32\KERNEL32.DLL
    C:\Windows\SYSTEM32\KERNELBASE.dll
    C:\Windows\SYSTEM32\USER32.dll
    C:\Windows\SYSTEM32\GDI32.dll
    C:\Windows\SYSTEM32\comdlg32.dll
    C:\Windows\SYSTEM32\msvcrt.dll
    C:\Windows\WinSxS\x86_microsoft.windows.common-controls_6595b64144ccf1df_5.82.10586.0_none_811bc0006c44242b\COMCTL32.dll
    C:\Windows\SYSTEM32\combase.dll
    C:\Windows\SYSTEM32\ADVAPI32.dll
    C:\Windows\SYSTEM32\sechost.dll
    C:\Windows\SYSTEM32\RPCRT4.dll
    C:\Windows\SYSTEM32\SspiCli.dll
    C:\Windows\SYSTEM32\CRYPTBASE.dll
    C:\Windows\SYSTEM32\VERSION.dll
    C:\Windows\SYSTEM32\WINMM.dll
    C:\Windows\SYSTEM32\bcryptPrimitives.dll
    C:\Windows\SYSTEM32\shcore.dll
    C:\Windows\SYSTEM32\SHLWAPI.dll
    C:\Windows\SYSTEM32\SHELL32.dll
    C:\Windows\SYSTEM32\cfgmgr32.dll
    C:\Windows\SYSTEM32\windows.storage.dll
    C:\Windows\SYSTEM32\winmmbase.dll
    C:\Windows\SYSTEM32\kernel.appcore.dll
    C:\Windows\SYSTEM32\powrprof.dll
    C:\Windows\SYSTEM32\profapi.dll
    C:\Windows\SYSTEM32\FirewallAPI.dll
    C:\Windows\SYSTEM32\NETAPI32.dll
    C:\Windows\SYSTEM32\DAVHLPR.DLL
    C:\Windows\SYSTEM32\IMM32.DLL
    C:\Windows\SYSTEM32\fwbase.dll
    C:\Windows\system32\uxtheme.dll
    C:\Windows\SYSTEM32\MSCTF.dll
    C:\Windows\system32\dwmapi.dll
    C:\Windows\SYSTEM32\psapi.dll
    C:\Windows\SYSTEM32\ws2_32.dll
    C:\Windows\WinSxS\x86_microsoft.windows.common-controls_6595b64144ccf1df_6.0.10586.0_none_d3c2e4e965da4528\comctl32.DLL
    C:\Windows\SYSTEM32\DINPUT.DLL
    C:\Windows\SYSTEM32\HID.DLL
    C:\Windows\SYSTEM32\SETUPAPI.DLL
    C:\Windows\SYSTEM32\DEVOBJ.dll
    C:\Windows\SYSTEM32\WINTRUST.dll
    C:\Windows\SYSTEM32\MSASN1.dll
    C:\Windows\SYSTEM32\CRYPT32.dll
    C:\Windows\SYSTEM32\MMDevAPI.DLL
    C:\Windows\SYSTEM32\PROPSYS.dll
    C:\Windows\SYSTEM32\OLEAUT32.dll
    C:\Windows\SYSTEM32\wdmaud.drv
    C:\Windows\SYSTEM32\ksuser.dll
    C:\Windows\SYSTEM32\AVRT.dll
    C:\Windows\SYSTEM32\AUDIOSES.DLL
    C:\Windows\SYSTEM32\wintypes.dll
    C:\Windows\SYSTEM32\msacm32.drv
    C:\Windows\SYSTEM32\MSACM32.dll
    C:\Windows\SYSTEM32\midimap.dll
    C:\Windows\SYSTEM32\dbghelp.dll

  0 .V PC=0023:77a6d6ac Ret=74a4b82c Frame=0019c4dc Stack=0019c478
    Parameters (0x00400000 0x0000200a 0x00000000 0x00000001)
    Unknown module, RtlLoadString() + 0220 byte(s)
  1 .V PC=0023:74a4b82c Ret=7486fd54 Frame=0019c51c Stack=0019c4e4
    Parameters (0x00400000 0x0000200a 0x0019c544 0x00000000)
    Unknown module, LoadStringBaseExW() + 0092 byte(s)
  2 .V PC=0023:7486fd54 Ret=0042d35c Frame=0019c54c Stack=0019c524
    Parameters (0x00400000 0x0000200a 0x0019c590 0x00001000)
    Unknown module, LoadStringA() + 0052 byte(s)
  3 .V PC=0023:0042d35c Ret=0042d53d Frame=0019c56c Stack=0019c554
    Parameters (0x0000200a 0x0019c590 0x00001000 0x0041ff99)
    P:\ready\src\edgui.c, EdGUI_LoadString (), Line 1432+0026 byte(s)
  4 .V PC=0023:0042d53d Ret=0042e0c4 Frame=0019d99c Stack=0019c574
    Parameters (0x000303a2 0x00000033 0x00001389 0x0000200a)
    P:\ready\src\edgui.c, EdGUI_Message1 (), Line 1496+0021 byte(s)
  5 .V PC=0023:0042e0c4 Ret=0042011c Frame=0019d9c8 Stack=0019d9a4
    Parameters (0x000303a2 0x00000000 0x00000010 0xcccccccc)
    P:\ready\src\eddisp.c, EdDisp_CheckForClose (), Line 0855+0025 byte(s)
  6 .V PC=0023:0042011c Ret=748784e3 Frame=0019d9f4 Stack=0019d9d0
    Parameters (0x0011048c 0x00000010 0x00000000 0x00000000)
    P:\ready\src\edwin.c, MyEditorWindowProcedure (), Line 1464+0018 byte(s)
  7 .V PC=0023:748784e3 Ret=74856c30 Frame=0019da20 Stack=0019d9fc
    Parameters (0x0041ff99 0x0011048c 0x00000010 0x00000000)
    Unknown module, SetManipulationInputTarget() + 0083 byte(s)
  8 .V PC=0023:74856c30 Ret=74856810 Frame=0019dac8 Stack=0019da28
    Parameters (0x0041ff99 0x00000000 0x00000010 0x00000000)
    Unknown module, CallWindowProcW() + 0768 byte(s)
  9 .V PC=0023:74856810 Ret=7485d159 Frame=0019db28 Stack=0019dad0
    Parameters (0x0121e840 0x00000000 0x00000010 0x00000000)
    Unknown module, DispatchMessageW() + 1328 byte(s)
 10 .V PC=0023:7485d159 Ret=77a88f36 Frame=0019db68 Stack=0019db30
    Parameters (0x0019db84 0x00000020 0x0019dd3c 0x77a88e80)
    Unknown module, PeekMessageW() + 1369 byte(s)
 11 .V PC=0023:77a88f36 Ret=74876b7c Frame=0019dc30 Stack=0019db70
    Parameters (0x0121e840 0x00000000 0x00000555 0x00000001)
    Unknown module, KiUserCallbackDispatcher() + 0054 byte(s)
 12 .V PC=0023:74876b7c Ret=719285b8 Frame=0019dc4c Stack=0019dc38
    Parameters (0x0011048c 0x00000112 0x0000f060 0x00000555)
    Unknown module, InflateRect() + 0236 byte(s)
 13 .V PC=0023:719285b8 Ret=71928405 Frame=0019dc6c Stack=0019dc54
    Parameters (0x00000112 0xce1f6654 0x0019dce8 0x7192742a)
    Unknown module, Ordinal106() + 2760 byte(s)
 14 .V PC=0023:71928405 Ret=7192742a Frame=0019dc7c Stack=0019dc74
    Parameters (0x00e16768 0x0019dc98 0x0041ff99 0x719396b0)
    Unknown module, Ordinal106() + 2325 byte(s)
 15 .V PC=0023:7192742a Ret=719396c8 Frame=0019dce8 Stack=0019dc84
    Parameters (0x0000f060 0x00000555 0x00000000 0x0019dd4c)
    Unknown module, OpenThemeData() + 10538 byte(s)
 16 .V PC=0023:719396c8 Ret=748546b9 Frame=0019dcfc Stack=0019dcf0
    Parameters (0x0011048c 0x00000112 0x0000f060 0x00000555)
    Unknown module, GetThemeBool() + 0200 byte(s)
 17 .V PC=0023:748546b9 Ret=004204b1 Frame=0019dd4c Stack=0019dd04
    Parameters (0x0011048c 0x00000112 0x0000f060 0x00000555)
    Unknown module, GetWindowRect() + 1401 byte(s)
 18 .V PC=0023:004204b1 Ret=748784e3 Frame=0019dd84 Stack=0019dd54
    Parameters (0x0011048c 0x00000112 0x0000f060 0x00000555)
    P:\ready\src\edwin.c, MyEditorWindowProcedure (), Line 1616+0024 byte(s)
 19 .V PC=0023:748784e3 Ret=74856c30 Frame=0019ddb0 Stack=0019dd8c
    Parameters (0x0041ff99 0x0011048c 0x00000112 0x0000f060)
    Unknown module, SetManipulationInputTarget() + 0083 byte(s)
 20 .V PC=0023:74856c30 Ret=74856810 Frame=0019de58 Stack=0019ddb8
    Parameters (0x0041ff99 0x00000000 0x00000112 0x0000f060)
    Unknown module, CallWindowProcW() + 0768 byte(s)
 21 .V PC=0023:74856810 Ret=7485d159 Frame=0019deb8 Stack=0019de60
    Parameters (0x0121e840 0x00000000 0x00000112 0x0000f060)
    Unknown module, DispatchMessageW() + 1328 byte(s)
 22 .V PC=0023:7485d159 Ret=77a88f36 Frame=0019def8 Stack=0019dec0
    Parameters (0x0019df14 0x00000020 0x0019e0d0 0x77a88e80)
    Unknown module, PeekMessageW() + 1369 byte(s)
 23 .V PC=0023:77a88f36 Ret=74876b7c Frame=0019dfc0 Stack=0019df00
    Parameters (0x0121e840 0x00000000 0x00000555 0x00000001)
    Unknown module, KiUserCallbackDispatcher() + 0054 byte(s)
 24 .V PC=0023:74876b7c Ret=719285b8 Frame=0019dfdc Stack=0019dfc8
    Parameters (0x0011048c 0x000000a1 0x00000014 0x00000555)
    Unknown module, InflateRect() + 0236 byte(s)
 25 .V PC=0023:719285b8 Ret=719282e6 Frame=0019dffc Stack=0019dfe4
    Parameters (0x000000a1 0x71928280 0x00000000 0x0019e07c)
    Unknown module, Ordinal106() + 2760 byte(s)
 26 .V PC=0023:719282e6 Ret=7192742a Frame=0019e010 Stack=0019e004
    Parameters (0x00e16768 0x0019e02c 0x0041ff99 0x719396b0)
    Unknown module, Ordinal106() + 2038 byte(s)
 27 .V PC=0023:7192742a Ret=719396c8 Frame=0019e07c Stack=0019e018
    Parameters (0x00000014 0x00000555 0x00000000 0x0019e0e0)
    Unknown module, OpenThemeData() + 10538 byte(s)
 28 .V PC=0023:719396c8 Ret=748546b9 Frame=0019e090 Stack=0019e084
    Parameters (0x0011048c 0x000000a1 0x00000014 0x00000555)
    Unknown module, GetThemeBool() + 0200 byte(s)
 29 .V PC=0023:748546b9 Ret=004204b1 Frame=0019e0e0 Stack=0019e098
    Parameters (0x0011048c 0x000000a1 0x00000014 0x00000555)
    Unknown module, GetWindowRect() + 1401 byte(s)
 30 .V PC=0023:004204b1 Ret=748784e3 Frame=0019e118 Stack=0019e0e8
    Parameters (0x0011048c 0x000000a1 0x00000014 0x00000555)
    P:\ready\src\edwin.c, MyEditorWindowProcedure (), Line 1616+0024 byte(s)
 31 .V PC=0023:748784e3 Ret=74856c30 Frame=0019e144 Stack=0019e120
    Parameters (0x0041ff99 0x0011048c 0x000000a1 0x00000014)
    Unknown module, SetManipulationInputTarget() + 0083 byte(s)
 32 .V PC=0023:74856c30 Ret=74856531 Frame=0019e1ec Stack=0019e14c
    Parameters (0x0041ff99 0x00000000 0x000000a1 0x00000014)
    Unknown module, CallWindowProcW() + 0768 byte(s)
 33 .V PC=0023:74856531 Ret=74876f20 Frame=0019e258 Stack=0019e1f4
    Parameters (0x0019e270 0x00417536 0x0019e280 0x0019e27c)
    Unknown module, DispatchMessageW() + 0593 byte(s)
 34 .V PC=0023:74876f20 Ret=00417536 Frame=0019e260 Stack=0019e260
    Parameters (0x0019e280 0x0019e27c 0x0019e2a0 0x004174a1)
    Unknown module, DispatchMessageA() + 0016 byte(s)
 35 .V PC=0023:00417536 Ret=004174a1 Frame=0019e270 Stack=0019e268
    Parameters (0x0019e280 0x0019e2a8 0x0011048c 0x000000a1)
    P:\ready\src\ed.c, MyProcessMessage (), Line 1856+0012 byte(s)
 36 .V PC=0023:004174a1 Ret=00415862 Frame=0019e2a0 Stack=0019e278
    Parameters (0x00401000 0x00401000 0xcccccccc 0xcccccccc)
    P:\ready\src\ed.c, MyProcessEvents (), Line 1826+0009 byte(s)
 37 .V PC=0023:00415862 Ret=00401126 Frame=0019fef0 Stack=0019e2a8
    Parameters (0x00400000 0x00000000 0x00991bbf 0x00000001)
    P:\ready\src\ed.c, WinMain (), Line 0470+0005 byte(s)
 38 .V PC=0023:00401126 Ret=75ad38f4 Frame=0019ff80 Stack=0019fef8
    Parameters (0x0025e000 0x75ad38d0 0xca7727eb 0x0019ffdc)
    crt0.c, WinMainCRTStartup (), Line 0198+0054 byte(s)
 39 .V PC=0023:75ad38f4 Ret=77a75663 Frame=0019ff94 Stack=0019ff88
    Parameters (0x0025e000 0xc871cac9 0x00000000 0x00000000)
    Unknown module, BaseThreadInitThunk() + 0036 byte(s)
 40 .V PC=0023:77a75663 Ret=77a7562e Frame=0019ffdc Stack=0019ff9c
    Parameters (0xffffffff 0x77a9bb5f 0x00000000 0x00000000)
    Unknown module, RtlUnicodeStringToInteger() + 0595 byte(s)
 41 .V PC=0023:77a7562e Ret=00000000 Frame=0019ffec Stack=0019ffe4
    Parameters (0x00401000 0x0025e000 0x00000000 0x78746341)
    Unknown module, RtlUnicodeStringToInteger() + 0542 byte(s)

------------------------------------------------------

Crashed in Crash Handler!
*** ENVIRONMENT CRASH ***

Date: Dec 2 2016 12:38 PM

File Name: N:\Turing\turing.exe
Version: 4.1  [IBM/11]
File Size: 3059755
File Date: Feb 5 2005 7:56 PM
Operating System: After Windows XP
JVM: Ready Built-in JRE (1.4.2 or later)
"assert" Statements: disabled


Cause of Crash: In Page Error

Previous Operations:
  CMD: MIO_COMMAND_RERUN
    Rerun Program from Run Window
    Run (1) - Window: ffffffff - Ex: 1 - Args: 0 - Step: 0
    Turing Language Freeing Memory
    MIO_Init_Run called
    MIO_Init_Free called
  CMD: WM_ACTIVATE (W)
    Object Freed -1
    Object Freed 0
    Debugger Notify Init Run
    Deallocating object 0 (free=1)
    Deallocating object -1 (free=1)
    Deallocating object -2 (free=1)
    Create standard input/output window
    MIOWin_CreateWindowFromAttribs (No Title)
    MIOWin_InitializeWindow: Create button bar
    MIOWin_InitializeWindow: Create inner grph win
  CMD: WM_ACTIVATE (W)
    MIOWin_InitializeWindow: Window initialized
    Object Allocated 11 -2
    Object Allocated 11 -1
    Create standard error window
    MIOWin_CreateWindowFromAttribs (Standard Error)
    MIOWin_InitializeWindow: Create button bar
    MIOWin_InitializeWindow: Create inner text win
    MIOWin_InitializeWindow: Window initialized
    Object Allocated 11 0
    Run Window Added d202ec 
    Object Allocated 22 7001
    Object Freed 7001
    Object Allocated 22 7002
    Object Freed 7002
    Debugger Notify Finalize Run
  CMD: MIO_COMMAND_RERUN
    Rerun Program from Run Window
    Run (1) - Window: ffffffff - Ex: 1 - Args: 0 - Step: 0
    Turing Language Freeing Memory
    MIO_Init_Run called
    MIO_Init_Free called
  CMD: WM_ACTIVATE (W)
    Object Freed -1
    Object Freed 0
    Debugger Notify Init Run
    Deallocating object 0 (free=1)
    Deallocating object -1 (free=1)
    Deallocating object -2 (free=1)
    Create standard input/output window
    MIOWin_CreateWindowFromAttribs (No Title)
    MIOWin_InitializeWindow: Create button bar
    MIOWin_InitializeWindow: Create inner grph win
  CMD: WM_ACTIVATE (W)
    MIOWin_InitializeWindow: Window initialized
    Object Allocated 11 -2
    Object Allocated 11 -1
    Create standard error window
    MIOWin_CreateWindowFromAttribs (Standard Error)
    MIOWin_InitializeWindow: Create button bar
    MIOWin_InitializeWindow: Create inner text win
    MIOWin_InitializeWindow: Window initialized
    Object Allocated 11 0
    Run Window Added 16041c 
    Object Allocated 22 7001
    Object Freed 7001
    Object Allocated 22 7002
    Object Freed 7002
    Object Allocated 22 7003
    Object Freed 7003
    Debugger Notify Finalize Run
  CMD: MIO_COMMAND_RERUN
    Rerun Program from Run Window
    Run (1) - Window: ffffffff - Ex: 1 - Args: 0 - Step: 0
    Turing Language Freeing Memory
    MIO_Init_Run called
    MIO_Init_Free called
  CMD: WM_ACTIVATE (W)
    Object Freed -1
    Object Freed 0
    Debugger Notify Init Run
    Deallocating object 0 (free=1)
    Deallocating object -1 (free=1)
    Deallocating object -2 (free=1)
    Create standard input/output window
    MIOWin_CreateWindowFromAttribs (No Title)
    MIOWin_InitializeWindow: Create button bar
    MIOWin_InitializeWindow: Create inner grph win
  CMD: WM_ACTIVATE (W)
    MIOWin_InitializeWindow: Window initialized
    Object Allocated 11 -2
    Object Allocated 11 -1
    Create standard error window
    MIOWin_CreateWindowFromAttribs (Standard Error)
    MIOWin_InitializeWindow: Create button bar
    MIOWin_InitializeWindow: Create inner text win
    MIOWin_InitializeWindow: Window initialized
    Object Allocated 11 0
    Run Window Added 6401fa 
    Object Allocated 22 7001
    Object Freed 7001
    Object Allocated 22 7002
    Object Freed 7002
    Object Allocated 22 7003
    Object Freed 7003
    Debugger Notify Finalize Run
  CMD: MIO_COMMAND_RERUN
    Rerun Program from Run Window
    Run (1) - Window: ffffffff - Ex: 1 - Args: 0 - Step: 0
    Turing Language Freeing Memory
    MIO_Init_Run called
    MIO_Init_Free called
  CMD: WM_ACTIVATE (W)
    Object Freed -1
    Object Freed 0
    Debugger Notify Init Run
    Deallocating object 0 (free=1)
    Deallocating object -1 (free=1)
    Deallocating object -2 (free=1)
    Create standard input/output window
    MIOWin_CreateWindowFromAttribs (No Title)
    MIOWin_InitializeWindow: Create button bar
    MIOWin_InitializeWindow: Create inner grph win
  CMD: WM_ACTIVATE (W)
    MIOWin_InitializeWindow: Window initialized
    Object Allocated 11 -2
    Object Allocated 11 -1
    Create standard error window
    MIOWin_CreateWindowFromAttribs (Standard Error)
    MIOWin_InitializeWindow: Create button bar
    MIOWin_InitializeWindow: Create inner text win
    MIOWin_InitializeWindow: Window initialized
    Object Allocated 11 0
    Run Window Added d502ec 
    Object Allocated 22 7001
    Object Freed 7001
    Object Allocated 22 7002
    Object Freed 7002
    Object Allocated 22 7003
    Object Freed 7003
    Object Allocated 22 7004
    Object Freed 7004
    Object Allocated 22 7005
    Object Freed 7005
    Debugger Notify Finalize Run
  CMD: MIO_COMMAND_CLOSE
  CMD: WM_ACTIVATE (W)
    Object Freed -1
  CMD: WM_ACTIVATE (W)
  CMD: WM_ACTIVATE (W)
  CMD: WM_SETFOCUS (W)
  CMD: WM_ACTIVATE (W)
  CMD: WM_CLOSE (W)


Registers
  EAX=00000000  EBX=0019C500  ECX=00000000  EDX=0075DAF8  ESI=00000000
  EDI=00000009  EBP=0019C4C8  ESP=0019C464  EIP=772AD6AC  FLG=00010246
  CS=0023  DS=002B  SS=002B  ES=002B  FS=0053  GS=002B

List of Modules: 
    N:\Turing\turing.exe
    C:\Windows\SYSTEM32\ntdll.dll
    C:\Windows\SYSTEM32\KERNEL32.DLL
    C:\Windows\SYSTEM32\KERNELBASE.dll
    C:\Windows\SYSTEM32\USER32.dll
    C:\Windows\SYSTEM32\GDI32.dll
    C:\Windows\SYSTEM32\comdlg32.dll
    C:\Windows\WinSxS\x86_microsoft.windows.common-controls_6595b64144ccf1df_5.82.10586.0_none_811bc0006c44242b\COMCTL32.dll
    C:\Windows\SYSTEM32\msvcrt.dll
    C:\Windows\SYSTEM32\ADVAPI32.dll
    C:\Windows\SYSTEM32\sechost.dll
    C:\Windows\SYSTEM32\combase.dll
    C:\Windows\SYSTEM32\RPCRT4.dll
    C:\Windows\SYSTEM32\bcryptPrimitives.dll
    C:\Windows\SYSTEM32\SspiCli.dll
    C:\Windows\SYSTEM32\CRYPTBASE.dll
    C:\Windows\SYSTEM32\shcore.dll
    C:\Windows\SYSTEM32\WINMM.dll
    C:\Windows\SYSTEM32\SHLWAPI.dll
    C:\Windows\SYSTEM32\VERSION.dll
    C:\Windows\SYSTEM32\SHELL32.dll
    C:\Windows\SYSTEM32\cfgmgr32.dll
    C:\Windows\SYSTEM32\windows.storage.dll
    C:\Windows\SYSTEM32\kernel.appcore.dll
    C:\Windows\SYSTEM32\powrprof.dll
    C:\Windows\SYSTEM32\profapi.dll
    C:\Windows\SYSTEM32\FirewallAPI.dll
    C:\Windows\SYSTEM32\NETAPI32.dll
    C:\Windows\SYSTEM32\WINMMBASE.dll
    C:\Windows\SYSTEM32\DAVHLPR.DLL
    C:\Windows\SYSTEM32\IMM32.DLL
    C:\Windows\SYSTEM32\fwbase.dll
    C:\Windows\system32\uxtheme.dll
    C:\Windows\SYSTEM32\MSCTF.dll
    C:\Windows\system32\dwmapi.dll
    C:\Windows\SYSTEM32\psapi.dll
    C:\Windows\SYSTEM32\ws2_32.dll
    C:\Windows\WinSxS\x86_microsoft.windows.common-controls_6595b64144ccf1df_6.0.10586.0_none_d3c2e4e965da4528\comctl32.DLL
    C:\Windows\SYSTEM32\DINPUT.DLL
    C:\Windows\SYSTEM32\HID.DLL
    C:\Windows\SYSTEM32\SETUPAPI.DLL
    C:\Windows\SYSTEM32\DEVOBJ.dll
    C:\Windows\SYSTEM32\WINTRUST.dll
    C:\Windows\SYSTEM32\MSASN1.dll
    C:\Windows\SYSTEM32\CRYPT32.dll
    C:\Windows\SYSTEM32\MMDevAPI.DLL
    C:\Windows\SYSTEM32\PROPSYS.dll
    C:\Windows\SYSTEM32\OLEAUT32.dll
    C:\Windows\SYSTEM32\wdmaud.drv
    C:\Windows\SYSTEM32\ksuser.dll
    C:\Windows\SYSTEM32\AVRT.dll
    C:\Windows\SYSTEM32\AUDIOSES.DLL
    C:\Windows\SYSTEM32\wintypes.dll
    C:\Windows\SYSTEM32\msacm32.drv
    C:\Windows\SYSTEM32\MSACM32.dll
    C:\Windows\SYSTEM32\midimap.dll
    C:\Windows\SYSTEM32\dbghelp.dll

  0 .V PC=0023:772ad6ac Ret=7527b82c Frame=0019c4c8 Stack=0019c464
    Parameters (0x00400000 0x00002009 0x00000000 0x00000001)
    Unknown module, RtlLoadString() + 0220 byte(s)
  1 .V PC=0023:7527b82c Ret=753ffd54 Frame=0019c508 Stack=0019c4d0
    Parameters (0x00400000 0x00002009 0x0019c530 0x00000000)
    Unknown module, LoadStringBaseExW() + 0092 byte(s)
  2 .V PC=0023:753ffd54 Ret=0042d35c Frame=0019c538 Stack=0019c510
    Parameters (0x00400000 0x00002009 0x0019c57c 0x00001000)
    Unknown module, LoadStringA() + 0052 byte(s)
  3 .V PC=0023:0042d35c Ret=0042d53d Frame=0019c558 Stack=0019c540
    Parameters (0x00002009 0x0019c57c 0x00001000 0x0041ff99)
    P:\ready\src\edgui.c, EdGUI_LoadString (), Line 1432+0026 byte(s)
  4 .V PC=0023:0042d53d Ret=00416c89 Frame=0019d988 Stack=0019c560
    Parameters (0x000f03a4 0x00000031 0x00001389 0x00002009)
    P:\ready\src\edgui.c, EdGUI_Message1 (), Line 1496+0021 byte(s)
  5 .V PC=0023:00416c89 Ret=004165e2 Frame=0019d9a8 Stack=0019d990
    Parameters (0x000f03a4 0x00000000 0x00000000 0x00000001)
    P:\ready\src\ed.c, MyConfirmExit (), Line 1534+0026 byte(s)
  6 .V PC=0023:004165e2 Ret=0042012c Frame=0019d9c8 Stack=0019d9b0
    Parameters (0x000f03a4 0x00000000 0x00000010 0xcccccccc)
    P:\ready\src\ed.c, Ed_RemoveFromWindowList (), Line 1137+0009 byte(s)
  7 .V PC=0023:0042012c Ret=754084e3 Frame=0019d9f4 Stack=0019d9d0
    Parameters (0x000f03a4 0x00000010 0x00000000 0x00000000)
    P:\ready\src\edwin.c, MyEditorWindowProcedure (), Line 1466+0009 byte(s)
  8 .V PC=0023:754084e3 Ret=753e6c30 Frame=0019da20 Stack=0019d9fc
    Parameters (0x0041ff99 0x000f03a4 0x00000010 0x00000000)
    Unknown module, SetManipulationInputTarget() + 0083 byte(s)
  9 .V PC=0023:753e6c30 Ret=753e6810 Frame=0019dac8 Stack=0019da28
    Parameters (0x0041ff99 0x00000000 0x00000010 0x00000000)
    Unknown module, CallWindowProcW() + 0768 byte(s)
 10 .V PC=0023:753e6810 Ret=753ed159 Frame=0019db28 Stack=0019dad0
    Parameters (0x0125b170 0x00000000 0x00000010 0x00000000)
    Unknown module, DispatchMessageW() + 1328 byte(s)
 11 .V PC=0023:753ed159 Ret=772c8f36 Frame=0019db68 Stack=0019db30
    Parameters (0x0019db84 0x00000020 0x0019dd3c 0x772c8e80)
    Unknown module, PeekMessageW() + 1369 byte(s)
 12 .V PC=0023:772c8f36 Ret=75406b7c Frame=0019dc30 Stack=0019db70
    Parameters (0x0125b170 0x00000000 0x00000555 0x00000001)
    Unknown module, KiUserCallbackDispatcher() + 0054 byte(s)
 13 .V PC=0023:75406b7c Ret=721385b8 Frame=0019dc4c Stack=0019dc38
    Parameters (0x000f03a4 0x00000112 0x0000f060 0x00000555)
    Unknown module, InflateRect() + 0236 byte(s)
 14 .V PC=0023:721385b8 Ret=72138405 Frame=0019dc6c Stack=0019dc54
    Parameters (0x00000112 0x3872e04d 0x0019dce8 0x7213742a)
    Unknown module, Ordinal106() + 2760 byte(s)
 15 .V PC=0023:72138405 Ret=7213742a Frame=0019dc7c Stack=0019dc74
    Parameters (0x02636768 0x0019dc98 0x0041ff99 0x721496b0)
    Unknown module, Ordinal106() + 2325 byte(s)
 16 .V PC=0023:7213742a Ret=721496c8 Frame=0019dce8 Stack=0019dc84
    Parameters (0x0000f060 0x00000555 0x00000000 0x0019dd4c)
    Unknown module, OpenThemeData() + 10538 byte(s)
 17 .V PC=0023:721496c8 Ret=753e46b9 Frame=0019dcfc Stack=0019dcf0
    Parameters (0x000f03a4 0x00000112 0x0000f060 0x00000555)
    Unknown module, GetThemeBool() + 0200 byte(s)
 18 .V PC=0023:753e46b9 Ret=004204b1 Frame=0019dd4c Stack=0019dd04
    Parameters (0x000f03a4 0x00000112 0x0000f060 0x00000555)
    Unknown module, GetWindowRect() + 1401 byte(s)
 19 .V PC=0023:004204b1 Ret=754084e3 Frame=0019dd84 Stack=0019dd54
    Parameters (0x000f03a4 0x00000112 0x0000f060 0x00000555)
    P:\ready\src\edwin.c, MyEditorWindowProcedure (), Line 1616+0024 byte(s)
 20 .V PC=0023:754084e3 Ret=753e6c30 Frame=0019ddb0 Stack=0019dd8c
    Parameters (0x0041ff99 0x000f03a4 0x00000112 0x0000f060)
    Unknown module, SetManipulationInputTarget() + 0083 byte(s)
 21 .V PC=0023:753e6c30 Ret=753e6810 Frame=0019de58 Stack=0019ddb8
    Parameters (0x0041ff99 0x00000000 0x00000112 0x0000f060)
    Unknown module, CallWindowProcW() + 0768 byte(s)
 22 .V PC=0023:753e6810 Ret=753ed159 Frame=0019deb8 Stack=0019de60
    Parameters (0x0125b170 0x00000000 0x00000112 0x0000f060)
    Unknown module, DispatchMessageW() + 1328 byte(s)
 23 .V PC=0023:753ed159 Ret=772c8f36 Frame=0019def8 Stack=0019dec0
    Parameters (0x0019df14 0x00000020 0x0019e0d0 0x772c8e80)
    Unknown module, PeekMessageW() + 1369 byte(s)
 24 .V PC=0023:772c8f36 Ret=75406b7c Frame=0019dfc0 Stack=0019df00
    Parameters (0x0125b170 0x00000000 0x00000555 0x00000001)
    Unknown module, KiUserCallbackDispatcher() + 0054 byte(s)
 25 .V PC=0023:75406b7c Ret=721385b8 Frame=0019dfdc Stack=0019dfc8
    Parameters (0x000f03a4 0x000000a1 0x00000014 0x00000555)
    Unknown module, InflateRect() + 0236 byte(s)
 26 .V PC=0023:721385b8 Ret=721382e6 Frame=0019dffc Stack=0019dfe4
    Parameters (0x000000a1 0x72138280 0x00000000 0x0019e07c)
    Unknown module, Ordinal106() + 2760 byte(s)
 27 .V PC=0023:721382e6 Ret=7213742a Frame=0019e010 Stack=0019e004
    Parameters (0x02636768 0x0019e02c 0x0041ff99 0x721496b0)
    Unknown module, Ordinal106() + 2038 byte(s)
 28 .V PC=0023:7213742a Ret=721496c8 Frame=0019e07c Stack=0019e018
    Parameters (0x00000014 0x00000555 0x00000000 0x0019e0e0)
    Unknown module, OpenThemeData() + 10538 byte(s)
 29 .V PC=0023:721496c8 Ret=753e46b9 Frame=0019e090 Stack=0019e084
    Parameters (0x000f03a4 0x000000a1 0x00000014 0x00000555)
    Unknown module, GetThemeBool() + 0200 byte(s)
 30 .V PC=0023:753e46b9 Ret=004204b1 Frame=0019e0e0 Stack=0019e098
    Parameters (0x000f03a4 0x000000a1 0x00000014 0x00000555)
    Unknown module, GetWindowRect() + 1401 byte(s)
 31 .V PC=0023:004204b1 Ret=754084e3 Frame=0019e118 Stack=0019e0e8
    Parameters (0x000f03a4 0x000000a1 0x00000014 0x00000555)
    P:\ready\src\edwin.c, MyEditorWindowProcedure (), Line 1616+0024 byte(s)
 32 .V PC=0023:754084e3 Ret=753e6c30 Frame=0019e144 Stack=0019e120
    Parameters (0x0041ff99 0x000f03a4 0x000000a1 0x00000014)
    Unknown module, SetManipulationInputTarget() + 0083 byte(s)
 33 .V PC=0023:753e6c30 Ret=753e6531 Frame=0019e1ec Stack=0019e14c
    Parameters (0x0041ff99 0x00000000 0x000000a1 0x00000014)
    Unknown module, CallWindowProcW() + 0768 byte(s)
 34 .V PC=0023:753e6531 Ret=75406f20 Frame=0019e258 Stack=0019e1f4
    Parameters (0x0019e270 0x00417536 0x0019e280 0x0019e27c)
    Unknown module, DispatchMessageW() + 0593 byte(s)
 35 .V PC=0023:75406f20 Ret=00417536 Frame=0019e260 Stack=0019e260
    Parameters (0x0019e280 0x0019e27c 0x0019e2a0 0x004174a1)
    Unknown module, DispatchMessageA() + 0016 byte(s)
 36 .V PC=0023:00417536 Ret=004174a1 Frame=0019e270 Stack=0019e268
    Parameters (0x0019e280 0x0019e2a8 0x000f03a4 0x000000a1)
    P:\ready\src\ed.c, MyProcessMessage (), Line 1856+0012 byte(s)
 37 .V PC=0023:004174a1 Ret=00415862 Frame=0019e2a0 Stack=0019e278
    Parameters (0x00401000 0x00401000 0xcccccccc 0xcccccccc)
    P:\ready\src\ed.c, MyProcessEvents (), Line 1826+0009 byte(s)
 38 .V PC=0023:00415862 Ret=00401126 Frame=0019fef0 Stack=0019e2a8
    Parameters (0x00400000 0x00000000 0x007b1bbf 0x00000001)
    P:\ready\src\ed.c, WinMain (), Line 0470+0005 byte(s)
 39 .V PC=0023:00401126 Ret=750938f4 Frame=0019ff80 Stack=0019fef8
    Parameters (0x00349000 0x750938d0 0x3f68e0c3 0x0019ffdc)
    crt0.c, WinMainCRTStartup (), Line 0198+0054 byte(s)
 40 .V PC=0023:750938f4 Ret=772b5663 Frame=0019ff94 Stack=0019ff88
    Parameters (0x00349000 0x3d4e636e 0x00000000 0x00000000)
    Unknown module, BaseThreadInitThunk() + 0036 byte(s)
 41 .V PC=0023:772b5663 Ret=772b562e Frame=0019ffdc Stack=0019ff9c
    Parameters (0xffffffff 0x772dbb6a 0x00000000 0x00000000)
    Unknown module, RtlUnicodeStringToInteger() + 0595 byte(s)
 42 .V PC=0023:772b562e Ret=00000000 Frame=0019ffec Stack=0019ffe4
    Parameters (0x00401000 0x00349000 0x00000000 0x78746341)
    Unknown module, RtlUnicodeStringToInteger() + 0542 byte(s)

------------------------------------------------------
*** ENVIRONMENT CRASH ***

Date: Dec 2 2016 12:38 PM

File Name: N:\Turing\turing.exe
Version: 4.1  [IBM/11]
File Size: 3059755
File Date: Feb 5 2005 7:56 PM
Operating System: After Windows XP
JVM: Ready Built-in JRE (1.4.2 or later)
"assert" Statements: disabled


Cause of Crash: In Page Error

Previous Operations:
  CMD: MIO_COMMAND_RERUN
    Rerun Program from Run Window
    Run (1) - Window: ffffffff - Ex: 1 - Args: 0 - Step: 0
    Turing Language Freeing Memory
    MIO_Init_Run called
    MIO_Init_Free called
  CMD: WM_ACTIVATE (W)
    Object Freed -1
    Object Freed 0
    Debugger Notify Init Run
    Deallocating object 0 (free=1)
    Deallocating object -1 (free=1)
    Deallocating object -2 (free=1)
    Create standard input/output window
    MIOWin_CreateWindowFromAttribs (No Title)
    MIOWin_InitializeWindow: Create button bar
    MIOWin_InitializeWindow: Create inner grph win
  CMD: WM_ACTIVATE (W)
    MIOWin_InitializeWindow: Window initialized
    Object Allocated 11 -2
    Object Allocated 11 -1
    Create standard error window
    MIOWin_CreateWindowFromAttribs (Standard Error)
    MIOWin_InitializeWindow: Create button bar
    MIOWin_InitializeWindow: Create inner text win
    MIOWin_InitializeWindow: Window initialized
    Object Allocated 11 0
    Run Window Added d202ec 
    Object Allocated 22 7001
    Object Freed 7001
    Object Allocated 22 7002
    Object Freed 7002
    Debugger Notify Finalize Run
  CMD: MIO_COMMAND_RERUN
    Rerun Program from Run Window
    Run (1) - Window: ffffffff - Ex: 1 - Args: 0 - Step: 0
    Turing Language Freeing Memory
    MIO_Init_Run called
    MIO_Init_Free called
  CMD: WM_ACTIVATE (W)
    Object Freed -1
    Object Freed 0
    Debugger Notify Init Run
    Deallocating object 0 (free=1)
    Deallocating object -1 (free=1)
    Deallocating object -2 (free=1)
    Create standard input/output window
    MIOWin_CreateWindowFromAttribs (No Title)
    MIOWin_InitializeWindow: Create button bar
    MIOWin_InitializeWindow: Create inner grph win
  CMD: WM_ACTIVATE (W)
    MIOWin_InitializeWindow: Window initialized
    Object Allocated 11 -2
    Object Allocated 11 -1
    Create standard error window
    MIOWin_CreateWindowFromAttribs (Standard Error)
    MIOWin_InitializeWindow: Create button bar
    MIOWin_InitializeWindow: Create inner text win
    MIOWin_InitializeWindow: Window initialized
    Object Allocated 11 0
    Run Window Added 16041c 
    Object Allocated 22 7001
    Object Freed 7001
    Object Allocated 22 7002
    Object Freed 7002
    Object Allocated 22 7003
    Object Freed 7003
    Debugger Notify Finalize Run
  CMD: MIO_COMMAND_RERUN
    Rerun Program from Run Window
    Run (1) - Window: ffffffff - Ex: 1 - Args: 0 - Step: 0
    Turing Language Freeing Memory
    MIO_Init_Run called
    MIO_Init_Free called
  CMD: WM_ACTIVATE (W)
    Object Freed -1
    Object Freed 0
    Debugger Notify Init Run
    Deallocating object 0 (free=1)
    Deallocating object -1 (free=1)
    Deallocating object -2 (free=1)
    Create standard input/output window
    MIOWin_CreateWindowFromAttribs (No Title)
    MIOWin_InitializeWindow: Create button bar
    MIOWin_InitializeWindow: Create inner grph win
  CMD: WM_ACTIVATE (W)
    MIOWin_InitializeWindow: Window initialized
    Object Allocated 11 -2
    Object Allocated 11 -1
    Create standard error window
    MIOWin_CreateWindowFromAttribs (Standard Error)
    MIOWin_InitializeWindow: Create button bar
    MIOWin_InitializeWindow: Create inner text win
    MIOWin_InitializeWindow: Window initialized
    Object Allocated 11 0
    Run Window Added 6401fa 
    Object Allocated 22 7001
    Object Freed 7001
    Object Allocated 22 7002
    Object Freed 7002
    Object Allocated 22 7003
    Object Freed 7003
    Debugger Notify Finalize Run
  CMD: MIO_COMMAND_RERUN
    Rerun Program from Run Window
    Run (1) - Window: ffffffff - Ex: 1 - Args: 0 - Step: 0
    Turing Language Freeing Memory
    MIO_Init_Run called
    MIO_Init_Free called
  CMD: WM_ACTIVATE (W)
    Object Freed -1
    Object Freed 0
    Debugger Notify Init Run
    Deallocating object 0 (free=1)
    Deallocating object -1 (free=1)
    Deallocating object -2 (free=1)
    Create standard input/output window
    MIOWin_CreateWindowFromAttribs (No Title)
    MIOWin_InitializeWindow: Create button bar
    MIOWin_InitializeWindow: Create inner grph win
  CMD: WM_ACTIVATE (W)
    MIOWin_InitializeWindow: Window initialized
    Object Allocated 11 -2
    Object Allocated 11 -1
    Create standard error window
    MIOWin_CreateWindowFromAttribs (Standard Error)
    MIOWin_InitializeWindow: Create button bar
    MIOWin_InitializeWindow: Create inner text win
    MIOWin_InitializeWindow: Window initialized
    Object Allocated 11 0
    Run Window Added d502ec 
    Object Allocated 22 7001
    Object Freed 7001
    Object Allocated 22 7002
    Object Freed 7002
    Object Allocated 22 7003
    Object Freed 7003
    Object Allocated 22 7004
    Object Freed 7004
    Object Allocated 22 7005
    Object Freed 7005
    Debugger Notify Finalize Run
  CMD: MIO_COMMAND_CLOSE
  CMD: WM_ACTIVATE (W)
    Object Freed -1
  CMD: WM_ACTIVATE (W)
  CMD: WM_ACTIVATE (W)
  CMD: WM_SETFOCUS (W)
  CMD: WM_ACTIVATE (W)
  CMD: WM_CLOSE (W)


Registers
  EAX=00000000  EBX=0019C500  ECX=00000000  EDX=0075DAF8  ESI=00000000
  EDI=00000009  EBP=0019C4C8  ESP=0019C464  EIP=772AD6AC  FLG=00010246
  CS=0023  DS=002B  SS=002B  ES=002B  FS=0053  GS=002B

List of Modules: 
    N:\Turing\turing.exe
    C:\Windows\SYSTEM32\ntdll.dll
    C:\Windows\SYSTEM32\KERNEL32.DLL
    C:\Windows\SYSTEM32\KERNELBASE.dll
    C:\Windows\SYSTEM32\USER32.dll
    C:\Windows\SYSTEM32\GDI32.dll
    C:\Windows\SYSTEM32\comdlg32.dll
    C:\Windows\WinSxS\x86_microsoft.windows.common-controls_6595b64144ccf1df_5.82.10586.0_none_811bc0006c44242b\COMCTL32.dll
    C:\Windows\SYSTEM32\msvcrt.dll
    C:\Windows\SYSTEM32\ADVAPI32.dll
    C:\Windows\SYSTEM32\sechost.dll
    C:\Windows\SYSTEM32\combase.dll
    C:\Windows\SYSTEM32\RPCRT4.dll
    C:\Windows\SYSTEM32\bcryptPrimitives.dll
    C:\Windows\SYSTEM32\SspiCli.dll
    C:\Windows\SYSTEM32\CRYPTBASE.dll
    C:\Windows\SYSTEM32\shcore.dll
    C:\Windows\SYSTEM32\WINMM.dll
    C:\Windows\SYSTEM32\SHLWAPI.dll
    C:\Windows\SYSTEM32\VERSION.dll
    C:\Windows\SYSTEM32\SHELL32.dll
    C:\Windows\SYSTEM32\cfgmgr32.dll
    C:\Windows\SYSTEM32\windows.storage.dll
    C:\Windows\SYSTEM32\kernel.appcore.dll
    C:\Windows\SYSTEM32\powrprof.dll
    C:\Windows\SYSTEM32\profapi.dll
    C:\Windows\SYSTEM32\FirewallAPI.dll
    C:\Windows\SYSTEM32\NETAPI32.dll
    C:\Windows\SYSTEM32\WINMMBASE.dll
    C:\Windows\SYSTEM32\DAVHLPR.DLL
    C:\Windows\SYSTEM32\IMM32.DLL
    C:\Windows\SYSTEM32\fwbase.dll
    C:\Windows\system32\uxtheme.dll
    C:\Windows\SYSTEM32\MSCTF.dll
    C:\Windows\system32\dwmapi.dll
    C:\Windows\SYSTEM32\psapi.dll
    C:\Windows\SYSTEM32\ws2_32.dll
    C:\Windows\WinSxS\x86_microsoft.windows.common-controls_6595b64144ccf1df_6.0.10586.0_none_d3c2e4e965da4528\comctl32.DLL
    C:\Windows\SYSTEM32\DINPUT.DLL
    C:\Windows\SYSTEM32\HID.DLL
    C:\Windows\SYSTEM32\SETUPAPI.DLL
    C:\Windows\SYSTEM32\DEVOBJ.dll
    C:\Windows\SYSTEM32\WINTRUST.dll
    C:\Windows\SYSTEM32\MSASN1.dll
    C:\Windows\SYSTEM32\CRYPT32.dll
    C:\Windows\SYSTEM32\MMDevAPI.DLL
    C:\Windows\SYSTEM32\PROPSYS.dll
    C:\Windows\SYSTEM32\OLEAUT32.dll
    C:\Windows\SYSTEM32\wdmaud.drv
    C:\Windows\SYSTEM32\ksuser.dll
    C:\Windows\SYSTEM32\AVRT.dll
    C:\Windows\SYSTEM32\AUDIOSES.DLL
    C:\Windows\SYSTEM32\wintypes.dll
    C:\Windows\SYSTEM32\msacm32.drv
    C:\Windows\SYSTEM32\MSACM32.dll
    C:\Windows\SYSTEM32\midimap.dll
    C:\Windows\SYSTEM32\dbghelp.dll

  0 .V PC=0023:772ad6ac Ret=7527b82c Frame=0019c4c8 Stack=0019c464
    Parameters (0x00400000 0x00002009 0x00000000 0x00000001)
    Unknown module, RtlLoadString() + 0220 byte(s)
  1 .V PC=0023:7527b82c Ret=753ffd54 Frame=0019c508 Stack=0019c4d0
    Parameters (0x00400000 0x00002009 0x0019c530 0x00000000)
    Unknown module, LoadStringBaseExW() + 0092 byte(s)
  2 .V PC=0023:753ffd54 Ret=0042d35c Frame=0019c538 Stack=0019c510
    Parameters (0x00400000 0x00002009 0x0019c57c 0x00001000)
    Unknown module, LoadStringA() + 0052 byte(s)
  3 .V PC=0023:0042d35c Ret=0042d53d Frame=0019c558 Stack=0019c540
    Parameters (0x00002009 0x0019c57c 0x00001000 0x0041ff99)
    P:\ready\src\edgui.c, EdGUI_LoadString (), Line 1432+0026 byte(s)
  4 .V PC=0023:0042d53d Ret=00416c89 Frame=0019d988 Stack=0019c560
    Parameters (0x000f03a4 0x00000031 0x00001389 0x00002009)
    P:\ready\src\edgui.c, EdGUI_Message1 (), Line 1496+0021 byte(s)
  5 .V PC=0023:00416c89 Ret=004165e2 Frame=0019d9a8 Stack=0019d990
    Parameters (0x000f03a4 0x00000000 0x00000000 0x00000001)
    P:\ready\src\ed.c, MyConfirmExit (), Line 1534+0026 byte(s)
  6 .V PC=0023:004165e2 Ret=0042012c Frame=0019d9c8 Stack=0019d9b0
    Parameters (0x000f03a4 0x00000000 0x00000010 0xcccccccc)
    P:\ready\src\ed.c, Ed_RemoveFromWindowList (), Line 1137+0009 byte(s)
  7 .V PC=0023:0042012c Ret=754084e3 Frame=0019d9f4 Stack=0019d9d0
    Parameters (0x000f03a4 0x00000010 0x00000000 0x00000000)
    P:\ready\src\edwin.c, MyEditorWindowProcedure (), Line 1466+0009 byte(s)
  8 .V PC=0023:754084e3 Ret=753e6c30 Frame=0019da20 Stack=0019d9fc
    Parameters (0x0041ff99 0x000f03a4 0x00000010 0x00000000)
    Unknown module, SetManipulationInputTarget() + 0083 byte(s)
  9 .V PC=0023:753e6c30 Ret=753e6810 Frame=0019dac8 Stack=0019da28
    Parameters (0x0041ff99 0x00000000 0x00000010 0x00000000)
    Unknown module, CallWindowProcW() + 0768 byte(s)
 10 .V PC=0023:753e6810 Ret=753ed159 Frame=0019db28 Stack=0019dad0
    Parameters (0x0125b170 0x00000000 0x00000010 0x00000000)
    Unknown module, DispatchMessageW() + 1328 byte(s)
 11 .V PC=0023:753ed159 Ret=772c8f36 Frame=0019db68 Stack=0019db30
    Parameters (0x0019db84 0x00000020 0x0019dd3c 0x772c8e80)
    Unknown module, PeekMessageW() + 1369 byte(s)
 12 .V PC=0023:772c8f36 Ret=75406b7c Frame=0019dc30 Stack=0019db70
    Parameters (0x0125b170 0x00000000 0x00000555 0x00000001)
    Unknown module, KiUserCallbackDispatcher() + 0054 byte(s)
 13 .V PC=0023:75406b7c Ret=721385b8 Frame=0019dc4c Stack=0019dc38
    Parameters (0x000f03a4 0x00000112 0x0000f060 0x00000555)
    Unknown module, InflateRect() + 0236 byte(s)
 14 .V PC=0023:721385b8 Ret=72138405 Frame=0019dc6c Stack=0019dc54
    Parameters (0x00000112 0x3872e04d 0x0019dce8 0x7213742a)
    Unknown module, Ordinal106() + 2760 byte(s)
 15 .V PC=0023:72138405 Ret=7213742a Frame=0019dc7c Stack=0019dc74
    Parameters (0x02636768 0x0019dc98 0x0041ff99 0x721496b0)
    Unknown module, Ordinal106() + 2325 byte(s)
 16 .V PC=0023:7213742a Ret=721496c8 Frame=0019dce8 Stack=0019dc84
    Parameters (0x0000f060 0x00000555 0x00000000 0x0019dd4c)
    Unknown module, OpenThemeData() + 10538 byte(s)
 17 .V PC=0023:721496c8 Ret=753e46b9 Frame=0019dcfc Stack=0019dcf0
    Parameters (0x000f03a4 0x00000112 0x0000f060 0x00000555)
    Unknown module, GetThemeBool() + 0200 byte(s)
 18 .V PC=0023:753e46b9 Ret=004204b1 Frame=0019dd4c Stack=0019dd04
    Parameters (0x000f03a4 0x00000112 0x0000f060 0x00000555)
    Unknown module, GetWindowRect() + 1401 byte(s)
 19 .V PC=0023:004204b1 Ret=754084e3 Frame=0019dd84 Stack=0019dd54
    Parameters (0x000f03a4 0x00000112 0x0000f060 0x00000555)
    P:\ready\src\edwin.c, MyEditorWindowProcedure (), Line 1616+0024 byte(s)
 20 .V PC=0023:754084e3 Ret=753e6c30 Frame=0019ddb0 Stack=0019dd8c
    Parameters (0x0041ff99 0x000f03a4 0x00000112 0x0000f060)
    Unknown module, SetManipulationInputTarget() + 0083 byte(s)
 21 .V PC=0023:753e6c30 Ret=753e6810 Frame=0019de58 Stack=0019ddb8
    Parameters (0x0041ff99 0x00000000 0x00000112 0x0000f060)
    Unknown module, CallWindowProcW() + 0768 byte(s)
 22 .V PC=0023:753e6810 Ret=753ed159 Frame=0019deb8 Stack=0019de60
    Parameters (0x0125b170 0x00000000 0x00000112 0x0000f060)
    Unknown module, DispatchMessageW() + 1328 byte(s)
 23 .V PC=0023:753ed159 Ret=772c8f36 Frame=0019def8 Stack=0019dec0
    Parameters (0x0019df14 0x00000020 0x0019e0d0 0x772c8e80)
    Unknown module, PeekMessageW() + 1369 byte(s)
 24 .V PC=0023:772c8f36 Ret=75406b7c Frame=0019dfc0 Stack=0019df00
    Parameters (0x0125b170 0x00000000 0x00000555 0x00000001)
    Unknown module, KiUserCallbackDispatcher() + 0054 byte(s)
 25 .V PC=0023:75406b7c Ret=721385b8 Frame=0019dfdc Stack=0019dfc8
    Parameters (0x000f03a4 0x000000a1 0x00000014 0x00000555)
    Unknown module, InflateRect() + 0236 byte(s)
 26 .V PC=0023:721385b8 Ret=721382e6 Frame=0019dffc Stack=0019dfe4
    Parameters (0x000000a1 0x72138280 0x00000000 0x0019e07c)
    Unknown module, Ordinal106() + 2760 byte(s)
 27 .V PC=0023:721382e6 Ret=7213742a Frame=0019e010 Stack=0019e004
    Parameters (0x02636768 0x0019e02c 0x0041ff99 0x721496b0)
    Unknown module, Ordinal106() + 2038 byte(s)
 28 .V PC=0023:7213742a Ret=721496c8 Frame=0019e07c Stack=0019e018
    Parameters (0x00000014 0x00000555 0x00000000 0x0019e0e0)
    Unknown module, OpenThemeData() + 10538 byte(s)
 29 .V PC=0023:721496c8 Ret=753e46b9 Frame=0019e090 Stack=0019e084
    Parameters (0x000f03a4 0x000000a1 0x00000014 0x00000555)
    Unknown module, GetThemeBool() + 0200 byte(s)
 30 .V PC=0023:753e46b9 Ret=004204b1 Frame=0019e0e0 Stack=0019e098
    Parameters (0x000f03a4 0x000000a1 0x00000014 0x00000555)
    Unknown module, GetWindowRect() + 1401 byte(s)
 31 .V PC=0023:004204b1 Ret=754084e3 Frame=0019e118 Stack=0019e0e8
    Parameters (0x000f03a4 0x000000a1 0x00000014 0x00000555)
    P:\ready\src\edwin.c, MyEditorWindowProcedure (), Line 1616+0024 byte(s)
 32 .V PC=0023:754084e3 Ret=753e6c30 Frame=0019e144 Stack=0019e120
    Parameters (0x0041ff99 0x000f03a4 0x000000a1 0x00000014)
    Unknown module, SetManipulationInputTarget() + 0083 byte(s)
 33 .V PC=0023:753e6c30 Ret=753e6531 Frame=0019e1ec Stack=0019e14c
    Parameters (0x0041ff99 0x00000000 0x000000a1 0x00000014)
    Unknown module, CallWindowProcW() + 0768 byte(s)
 34 .V PC=0023:753e6531 Ret=75406f20 Frame=0019e258 Stack=0019e1f4
    Parameters (0x0019e270 0x00417536 0x0019e280 0x0019e27c)
    Unknown module, DispatchMessageW() + 0593 byte(s)
 35 .V PC=0023:75406f20 Ret=00417536 Frame=0019e260 Stack=0019e260
    Parameters (0x0019e280 0x0019e27c 0x0019e2a0 0x004174a1)
    Unknown module, DispatchMessageA() + 0016 byte(s)
 36 .V PC=0023:00417536 Ret=004174a1 Frame=0019e270 Stack=0019e268
    Parameters (0x0019e280 0x0019e2a8 0x000f03a4 0x000000a1)
    P:\ready\src\ed.c, MyProcessMessage (), Line 1856+0012 byte(s)
 37 .V PC=0023:004174a1 Ret=00415862 Frame=0019e2a0 Stack=0019e278
    Parameters (0x00401000 0x00401000 0xcccccccc 0xcccccccc)
    P:\ready\src\ed.c, MyProcessEvents (), Line 1826+0009 byte(s)
 38 .V PC=0023:00415862 Ret=00401126 Frame=0019fef0 Stack=0019e2a8
    Parameters (0x00400000 0x00000000 0x007b1bbf 0x00000001)
    P:\ready\src\ed.c, WinMain (), Line 0470+0005 byte(s)
 39 .V PC=0023:00401126 Ret=750938f4 Frame=0019ff80 Stack=0019fef8
    Parameters (0x00349000 0x750938d0 0x3f68e0c3 0x0019ffdc)
    crt0.c, WinMainCRTStartup (), Line 0198+0054 byte(s)
 40 .V PC=0023:750938f4 Ret=772b5663 Frame=0019ff94 Stack=0019ff88
    Parameters (0x00349000 0x3d4e636e 0x00000000 0x00000000)
    Unknown module, BaseThreadInitThunk() + 0036 byte(s)
 41 .V PC=0023:772b5663 Ret=772b562e Frame=0019ffdc Stack=0019ff9c
    Parameters (0xffffffff 0x772dbb6a 0x00000000 0x00000000)
    Unknown module, RtlUnicodeStringToInteger() + 0595 byte(s)
 42 .V PC=0023:772b562e Ret=00000000 Frame=0019ffec Stack=0019ffe4
    Parameters (0x00401000 0x00349000 0x00000000 0x78746341)
    Unknown module, RtlUnicodeStringToInteger() + 0542 byte(s)

------------------------------------------------------

Crashed in Crash Handler!
