C:\USERS\GUTEK\DOCUMENTS\VISUAL STUDIO 2012\PROJECTS\LETTERRECOGNITION\LETTERRECOGNITION\DEBUG\BITMAP.OBJ
C:\USERS\GUTEK\DOCUMENTS\VISUAL STUDIO 2012\PROJECTS\LETTERRECOGNITION\LETTERRECOGNITION\DEBUG\LETTERSPANN.OBJ
C:\USERS\GUTEK\DOCUMENTS\VISUAL STUDIO 2012\PROJECTS\LETTERRECOGNITION\LETTERRECOGNITION\DEBUG\MAIN.OBJ
C:\USERS\GUTEK\DOCUMENTS\VISUAL STUDIO 2012\PROJECTS\LETTERRECOGNITION\LETTERRECOGNITION\DEBUG\PANN.OBJ
C:\USERS\GUTEK\DOCUMENTS\VISUAL STUDIO 2012\PROJECTS\LETTERRECOGNITION\LETTERRECOGNITION\DEBUG\PERCEPTRON.OBJ
C:\USERS\GUTEK\DOCUMENTS\VISUAL STUDIO 2012\PROJECTS\LETTERRECOGNITION\LETTERRECOGNITION\DEBUG\VC110.PDB
c:\Users\gutek\documents\visual studio 2012\Projects\LetterRecognition\LetterRecognition\Debug\Bitmap.obj
c:\Users\gutek\documents\visual studio 2012\Projects\LetterRecognition\LetterRecognition\Debug\LettersPANN.obj
c:\Users\gutek\documents\visual studio 2012\Projects\LetterRecognition\LetterRecognition\Debug\main.obj
c:\Users\gutek\documents\visual studio 2012\Projects\LetterRecognition\LetterRecognition\Debug\PANN.obj
c:\Users\gutek\documents\visual studio 2012\Projects\LetterRecognition\LetterRecognition\Debug\Perceptron.obj
c:\Users\gutek\documents\visual studio 2012\Projects\LetterRecognition\LetterRecognition\Debug\cl.command.1.tlog
c:\Users\gutek\documents\visual studio 2012\Projects\LetterRecognition\LetterRecognition\Debug\CL.read.1.tlog
c:\Users\gutek\documents\visual studio 2012\Projects\LetterRecognition\LetterRecognition\Debug\CL.write.1.tlog
c:\Users\gutek\documents\visual studio 2012\Projects\LetterRecognition\LetterRecognition\Debug\link-cvtres.read.1.tlog
c:\Users\gutek\documents\visual studio 2012\Projects\LetterRecognition\LetterRecognition\Debug\link-cvtres.write.1.tlog
c:\Users\gutek\documents\visual studio 2012\Projects\LetterRecognition\LetterRecognition\Debug\link-rc.read.1.tlog
c:\Users\gutek\documents\visual studio 2012\Projects\LetterRecognition\LetterRecognition\Debug\link-rc.write.1.tlog
c:\Users\gutek\documents\visual studio 2012\Projects\LetterRecognition\LetterRecognition\Debug\link.command.1.tlog
c:\Users\gutek\documents\visual studio 2012\Projects\LetterRecognition\LetterRecognition\Debug\link.read.1.tlog
c:\Users\gutek\documents\visual studio 2012\Projects\LetterRecognition\LetterRecognition\Debug\link.write.1.tlog
c:\Users\gutek\documents\visual studio 2012\Projects\LetterRecognition\LetterRecognition\Debug\vc110.idb
c:\Users\gutek\documents\visual studio 2012\Projects\LetterRecognition\LetterRecognition\Debug\vc110.pdb
c:\users\gutek\documents\visual studio 2012\Projects\LetterRecognition\Debug\LetterRecognition.pdb
c:\users\gutek\documents\visual studio 2012\Projects\LetterRecognition\Debug\LetterRecognition.ilk
