*** ENVIRONMENT CRASH ***

Date: Jan 19 2017 1:03 PM

File Name: N:\Turing\turing.exe
Version: 4.1  [IBM/11]
File Size: 3059755
File Date: Feb 5 2005 7:56 PM
Operating System: After Windows XP
JVM: Ready Built-in JRE (1.4.2 or later)
"assert" Statements: disabled


Cause of Crash: In Page Error

Previous Operations:
    Object Allocated 11 -2
    Object Allocated 11 -1
    Create standard error window
    MIOWin_CreateWindowFromAttribs (Standard Error)
    MIOWin_InitializeWindow: Create button bar
    MIOWin_InitializeWindow: Create inner text win
    MIOWin_InitializeWindow: Window initialized
    Object Allocated 11 0
    Run Window Added c039a 
  CMD: WM_ACTIVATE (W)
  CMD: WM_ACTIVATE (W)
    Debugger Notify Finalize Run
  CMD: MIO_COMMAND_RERUN
    Rerun Program from Run Window
    Run (1) - Window: ffffffff - Ex: 1 - Args: 0 - Step: 0
    Turing Language Freeing Memory
    MIO_Init_Run called
    MIO_Init_Free called
  CMD: WM_ACTIVATE (W)
    Object Freed -1
    Object Freed 0
    Debugger Notify Init Run
    Deallocating object 0 (free=1)
    Deallocating object -1 (free=1)
    Deallocating object -2 (free=1)
    Create standard input/output window
    MIOWin_CreateWindowFromAttribs (No Title)
    MIOWin_InitializeWindow: Create button bar
    MIOWin_InitializeWindow: Create inner grph win
  CMD: WM_ACTIVATE (W)
    MIOWin_InitializeWindow: Window initialized
    Object Allocated 11 -2
    Object Allocated 11 -1
    Create standard error window
    MIOWin_CreateWindowFromAttribs (Standard Error)
    MIOWin_InitializeWindow: Create button bar
    MIOWin_InitializeWindow: Create inner text win
    MIOWin_InitializeWindow: Window initialized
    Object Allocated 11 0
    Run Window Added 5023e 
    Debugger Notify Finalize Run
    Find Next Error (1) - Text: 303ea - Activate: 1
  CMD: WM_ACTIVATE (W)
  CMD: WM_SETFOCUS (W)
  CMD: WM_ACTIVATE (W)
    Set Selection (1) - Text: 2669a10 - L: 44 - C: 0
    Text - sz:51:855 - slFr:50:32:854 - slTo:50:32:854 - nlA:1
    Line Starts: 48:738 49:757 50:822 51:855
    Set Selection (2) - sz:51:855 - slFr:711 - slTo:711 - nlA:1
    Line Starts: 48:738 49:757 50:822 51:855
    Goto Error - sz:51:855 - slFr:711 - slTo:711 - nlA:1
  CMD: WM_INITMENU (W)
  CMD: COMMAND_RUN
    Run (1) - Window: 30434 - Ex: 1 - Args: 0 - Step: 0
    Turing Language Freeing Memory
    MIO_Init_Free called
    Object Freed -1
    Object Freed 0
    Debugger Notify Init Run
    Deallocating object 0 (free=1)
    Deallocating object -1 (free=1)
    Deallocating object -2 (free=1)
    MIO_Init_Run called
    MIO_Init_Free called
    Debugger Notify Init Run
    Create standard input/output window
    MIOWin_CreateWindowFromAttribs (No Title)
    MIOWin_InitializeWindow: Create button bar
    MIOWin_InitializeWindow: Create inner grph win
  CMD: WM_ACTIVATE (W)
    MIOWin_InitializeWindow: Window initialized
    Object Allocated 11 -2
    Object Allocated 11 -1
    Create standard error window
    MIOWin_CreateWindowFromAttribs (Standard Error)
    MIOWin_InitializeWindow: Create button bar
    MIOWin_InitializeWindow: Create inner text win
    MIOWin_InitializeWindow: Window initialized
    Object Allocated 11 0
    Run Window Added 803d6 
  CMD: WM_ACTIVATE (W)
  CMD: WM_ACTIVATE (W)
  CMD: MIO_COMMAND_TERMINATE
    Stop Execution from Run Window
    Kill Running Program
    Debugger Notify Finalize Run
    Find Next Error (1) - Text: 30434 - Activate: 1
  CMD: WM_ACTIVATE (W)
  CMD: WM_SETFOCUS (W)
  CMD: WM_ACTIVATE (W)
    Set Selection (1) - Text: 2669a10 - L: 9 - C: 0
    Text - sz:51:855 - slFr:44:0:711 - slTo:44:0:711 - nlA:1
    Line Starts: 48:738 49:757 50:822 51:855
    Set Selection (2) - sz:51:855 - slFr:166 - slTo:166 - nlA:1
    Line Starts: 48:738 49:757 50:822 51:855
    Goto Error - sz:51:855 - slFr:166 - slTo:166 - nlA:1
  CMD: WM_SETFOCUS (W)
  CMD: WM_ACTIVATE (W)
  CMD: MIO_COMMAND_CLOSE
    Notify All Run Windows Closed
  CMD: WM_ACTIVATE (W)
    Object Freed -1
  CMD: WM_ACTIVATE (W)
  CMD: WM_ACTIVATE (W)
  CMD: WM_ACTIVATE (W)
  CMD: WM_ACTIVATE (W)
  CMD: WM_INITMENU (W)
  CMD: COMMAND_RUN
    Run (1) - Window: 30434 - Ex: 1 - Args: 0 - Step: 0
    Turing Language Freeing Memory
    MIO_Init_Free called
    Object Freed 0
    Debugger Notify Init Run
    Deallocating object 0 (free=1)
    Deallocating object -1 (free=1)
    Deallocating object -2 (free=1)
    MIO_Init_Run called
    MIO_Init_Free called
    Debugger Notify Init Run
    Create standard input/output window
    MIOWin_CreateWindowFromAttribs (No Title)
    MIOWin_InitializeWindow: Create button bar
    MIOWin_InitializeWindow: Create inner grph win
  CMD: WM_ACTIVATE (W)
    MIOWin_InitializeWindow: Window initialized
    Object Allocated 11 -2
    Object Allocated 11 -1
    Create standard error window
    MIOWin_CreateWindowFromAttribs (Standard Error)
    MIOWin_InitializeWindow: Create button bar
    MIOWin_InitializeWindow: Create inner text win
    MIOWin_InitializeWindow: Window initialized
    Object Allocated 11 0
    Run Window Added 120432 
  CMD: WM_ACTIVATE (W)
  CMD: WM_ACTIVATE (W)
    Debugger Notify Finalize Run
  CMD: MIO_COMMAND_CLOSE
    Notify All Run Windows Closed
  CMD: WM_ACTIVATE (W)
  CMD: WM_SETFOCUS (W)
  CMD: WM_ACTIVATE (W)
    Object Freed -1
  CMD: WM_ACTIVATE (W)
  CMD: WM_ACTIVATE (W)
  CMD: WM_ACTIVATE (W)
  CMD: WM_ACTIVATE (W)
  CMD: WM_INITMENU (W)
  CMD: COMMAND_OPEN_FILE (D)
    Open File (1) - Window: 30434 - Name: <null>


Registers
  EAX=00000000  EBX=0019BE00  ECX=00000000  EDX=0075DAF8  ESI=00000000
  EDI=0000000A  EBP=0019BDB4  ESP=0019BD50  EIP=77D7D6AC  FLG=00010246
  CS=0023  DS=002B  SS=002B  ES=002B  FS=0053  GS=002B

List of Modules: 
    N:\Turing\turing.exe
    C:\Windows\SYSTEM32\ntdll.dll
    C:\Windows\SYSTEM32\KERNEL32.DLL
    C:\Windows\SYSTEM32\KERNELBASE.dll
    C:\Windows\SYSTEM32\USER32.dll
    C:\Windows\SYSTEM32\GDI32.dll
    C:\Windows\SYSTEM32\comdlg32.dll
    C:\Windows\SYSTEM32\msvcrt.dll
    C:\Windows\SYSTEM32\combase.dll
    C:\Windows\SYSTEM32\RPCRT4.dll
    C:\Windows\SYSTEM32\SspiCli.dll
    C:\Windows\SYSTEM32\CRYPTBASE.dll
    C:\Windows\WinSxS\x86_microsoft.windows.common-controls_6595b64144ccf1df_5.82.10586.0_none_811bc0006c44242b\COMCTL32.dll
    C:\Windows\SYSTEM32\VERSION.dll
    C:\Windows\SYSTEM32\bcryptPrimitives.dll
    C:\Windows\SYSTEM32\WINMM.dll
    C:\Windows\SYSTEM32\ADVAPI32.dll
    C:\Windows\SYSTEM32\sechost.dll
    C:\Windows\SYSTEM32\shcore.dll
    C:\Windows\SYSTEM32\SHLWAPI.dll
    C:\Windows\SYSTEM32\SHELL32.dll
    C:\Windows\SYSTEM32\cfgmgr32.dll
    C:\Windows\SYSTEM32\windows.storage.dll
    C:\Windows\SYSTEM32\kernel.appcore.dll
    C:\Windows\SYSTEM32\powrprof.dll
    C:\Windows\SYSTEM32\profapi.dll
    C:\Windows\SYSTEM32\FirewallAPI.dll
    C:\Windows\SYSTEM32\NETAPI32.dll
    C:\Windows\SYSTEM32\WINMMBASE.dll
    C:\Windows\SYSTEM32\DAVHLPR.DLL
    C:\Windows\SYSTEM32\IMM32.DLL
    C:\Windows\SYSTEM32\fwbase.dll
    C:\Windows\system32\uxtheme.dll
    C:\Windows\SYSTEM32\MSCTF.dll
    C:\Windows\system32\dwmapi.dll
    C:\Windows\SYSTEM32\psapi.dll
    C:\Windows\SYSTEM32\ws2_32.dll
    C:\Windows\WinSxS\x86_microsoft.windows.common-controls_6595b64144ccf1df_6.0.10586.0_none_d3c2e4e965da4528\comctl32.DLL
    C:\Windows\SYSTEM32\DINPUT.DLL
    C:\Windows\SYSTEM32\HID.DLL
    C:\Windows\SYSTEM32\SETUPAPI.DLL
    C:\Windows\SYSTEM32\DEVOBJ.dll
    C:\Windows\SYSTEM32\WINTRUST.dll
    C:\Windows\SYSTEM32\MSASN1.dll
    C:\Windows\SYSTEM32\CRYPT32.dll
    C:\Windows\SYSTEM32\MMDevAPI.DLL
    C:\Windows\SYSTEM32\PROPSYS.dll
    C:\Windows\SYSTEM32\OLEAUT32.dll
    C:\Windows\SYSTEM32\wdmaud.drv
    C:\Windows\SYSTEM32\ksuser.dll
    C:\Windows\SYSTEM32\AVRT.dll
    C:\Windows\SYSTEM32\AUDIOSES.DLL
    C:\Windows\SYSTEM32\wintypes.dll
    C:\Windows\SYSTEM32\msacm32.drv
    C:\Windows\SYSTEM32\MSACM32.dll
    C:\Windows\SYSTEM32\midimap.dll
    C:\Windows\SYSTEM32\dbghelp.dll

  0 .V PC=0023:77d7d6ac Ret=75ceb82c Frame=0019bdb4 Stack=0019bd50
    Parameters (0x00400000 0x0000200a 0x00000000 0x00000001)
    Unknown module, RtlLoadString() + 0220 byte(s)
  1 .V PC=0023:75ceb82c Ret=752bfd54 Frame=0019bdf4 Stack=0019bdbc
    Parameters (0x00400000 0x0000200a 0x0019be1c 0x00000000)
    Unknown module, LoadStringBaseExW() + 0092 byte(s)
  2 .V PC=0023:752bfd54 Ret=0042d35c Frame=0019be24 Stack=0019bdfc
    Parameters (0x00400000 0x0000200a 0x0019be68 0x00001000)
    Unknown module, LoadStringA() + 0052 byte(s)
  3 .V PC=0023:0042d35c Ret=0042d53d Frame=0019be44 Stack=0019be2c
    Parameters (0x0000200a 0x0019be68 0x00001000 0x0019dac0)
    P:\ready\src\edgui.c, EdGUI_LoadString (), Line 1432+0026 byte(s)
  4 .V PC=0023:0042d53d Ret=0042e0c4 Frame=0019d274 Stack=0019be4c
    Parameters (0x00030434 0x00000033 0x00001389 0x0000200a)
    P:\ready\src\edgui.c, EdGUI_Message1 (), Line 1496+0021 byte(s)
  5 .V PC=0023:0042e0c4 Ret=004358fc Frame=0019d2a0 Stack=0019d27c
    Parameters (0x00030434 0x0019df00 0xcccccccc 0xcccccccc)
    P:\ready\src\eddisp.c, EdDisp_CheckForClose (), Line 0855+0025 byte(s)
  6 .V PC=0023:004358fc Ret=00431288 Frame=0019dac0 Stack=0019d2a8
    Parameters (0x00030434 0x00000000 0x00000000 0x00000001)
    P:\ready\src\eddisp.c, MyFileOpen (), Line 5696+0009 byte(s)
  7 .V PC=0023:00431288 Ret=0042fc22 Frame=0019df00 Stack=0019dac8
    Parameters (0x00030434 0x000003ea 0x0042f546 0x000003ea)
    P:\ready\src\eddisp.c, MyCommandHandler (), Line 2900+0015 byte(s)
  8 .V PC=0023:0042fc22 Ret=0042f5a1 Frame=0019df60 Stack=0019df08
    Parameters (0x00030434 0x00000111 0x000003ea 0x00000001)
    P:\ready\src\eddisp.c, MyCommonMessageHandler (), Line 3494+0019 byte(s)
  9 .V PC=0023:0042f5a1 Ret=752c84e3 Frame=0019df88 Stack=0019df68
    Parameters (0x00030434 0x00000111 0x000003ea 0x00000001)
    P:\ready\src\eddisp.c, MyTextDisplayWindowProcedure (), Line 1968+0025 byte(s)
 10 .V PC=0023:752c84e3 Ret=752a6c30 Frame=0019dfb4 Stack=0019df90
    Parameters (0x0042f546 0x00030434 0x00000111 0x000003ea)
    Unknown module, SetManipulationInputTarget() + 0083 byte(s)
 11 .V PC=0023:752a6c30 Ret=752a612a Frame=0019e05c Stack=0019dfbc
    Parameters (0x0042f546 0x00000000 0x00000111 0x000003ea)
    Unknown module, CallWindowProcW() + 0768 byte(s)
 12 .V PC=0023:752a612a Ret=752ba274 Frame=0019e0c0 Stack=0019e064
    Parameters (0x0120aca0 0x00000000 0x00000001 0x00000001)
    Unknown module, SendMessageW() + 0922 byte(s)
 13 .V PC=0023:752ba274 Ret=004201f7 Frame=0019e0e0 Stack=0019e0c8
    Parameters (0x00030434 0x00000111 0x000003ea 0x00000001)
    Unknown module, SendMessageA() + 0084 byte(s)
 14 .V PC=0023:004201f7 Ret=752c84e3 Frame=0019e118 Stack=0019e0e8
    Parameters (0x000303ea 0x00000111 0x000003ea 0x00000000)
    P:\ready\src\edwin.c, MyEditorWindowProcedure (), Line 1497+0032 byte(s)
 15 .V PC=0023:752c84e3 Ret=752a6c30 Frame=0019e144 Stack=0019e120
    Parameters (0x0041ff99 0x000303ea 0x00000111 0x000003ea)
    Unknown module, SetManipulationInputTarget() + 0083 byte(s)
 16 .V PC=0023:752a6c30 Ret=752a6531 Frame=0019e1ec Stack=0019e14c
    Parameters (0x0041ff99 0x00000000 0x00000111 0x000003ea)
    Unknown module, CallWindowProcW() + 0768 byte(s)
 17 .V PC=0023:752a6531 Ret=752c6f20 Frame=0019e258 Stack=0019e1f4
    Parameters (0x0019e270 0x00417536 0x0019e280 0x0019e27c)
    Unknown module, DispatchMessageW() + 0593 byte(s)
 18 .V PC=0023:752c6f20 Ret=00417536 Frame=0019e260 Stack=0019e260
    Parameters (0x0019e280 0x0019e27c 0x0019e2a0 0x004174a1)
    Unknown module, DispatchMessageA() + 0016 byte(s)
 19 .V PC=0023:00417536 Ret=004174a1 Frame=0019e270 Stack=0019e268
    Parameters (0x0019e280 0x0019e2a8 0x000303ea 0x00000111)
    P:\ready\src\ed.c, MyProcessMessage (), Line 1856+0012 byte(s)
 20 .V PC=0023:004174a1 Ret=00415862 Frame=0019e2a0 Stack=0019e278
    Parameters (0x00401000 0x00401000 0xcccccccc 0xcccccccc)
    P:\ready\src\ed.c, MyProcessEvents (), Line 1826+0009 byte(s)
 21 .V PC=0023:00415862 Ret=00401126 Frame=0019fef0 Stack=0019e2a8
    Parameters (0x00400000 0x00000000 0x00841d1f 0x00000001)
    P:\ready\src\ed.c, WinMain (), Line 0470+0005 byte(s)
 22 .V PC=0023:00401126 Ret=751338f4 Frame=0019ff80 Stack=0019fef8
    Parameters (0x0038c000 0x751338d0 0x840b2880 0x0019ffdc)
    crt0.c, WinMainCRTStartup (), Line 0198+0054 byte(s)
 23 .V PC=0023:751338f4 Ret=77d85663 Frame=0019ff94 Stack=0019ff88
    Parameters (0x0038c000 0x86f4f07f 0x00000000 0x00000000)
    Unknown module, BaseThreadInitThunk() + 0036 byte(s)
 24 .V PC=0023:77d85663 Ret=77d8562e Frame=0019ffdc Stack=0019ff9c
    Parameters (0xffffffff 0x77dabb4e 0x00000000 0x00000000)
    Unknown module, RtlUnicodeStringToInteger() + 0595 byte(s)
 25 .V PC=0023:77d8562e Ret=00000000 Frame=0019ffec Stack=0019ffe4
    Parameters (0x00401000 0x0038c000 0x00000000 0x78746341)
    Unknown module, RtlUnicodeStringToInteger() + 0542 byte(s)

------------------------------------------------------
