*** ENVIRONMENT CRASH ***

Date: Nov 4 2016 1:16 PM

File Name: N:\Turing\turing.exe
Version: 4.1  [IBM/11]
File Size: 3059755
File Date: Feb 5 2005 7:56 PM
Operating System: After Windows XP
JVM: Ready Built-in JRE (1.4.2 or later)
"assert" Statements: disabled


Cause of Crash: In Page Error

Previous Operations:
    Line Starts: 153:2899 154:2900 155:2909 156:2910
    Set Selection (2) - sz:156:2910 - slFr:981 - slTo:981 - nlA:0
    Line Starts: 153:2899 154:2900 155:2909 156:2910
  CMD: WM_LBUTTONUP (D)
    Extend Selection - Text: 2608f20 - L: 48 - C: 11 (x1)
    Text - sz:156:2910 - slFr:48:11:981 - slTo:48:11:981 - nlA:0
    Line Starts: 153:2899 154:2900 155:2909 156:2910
  CMD: WM_LBUTTONDOWN (D)
    Set Selection (1) - Text: 2608f20 - L: 46 - C: 10
    Text - sz:156:2910 - slFr:981 - slTo:981 - nlA:0
    Line Starts: 153:2899 154:2900 155:2909 156:2910
    Set Selection (2) - sz:156:2910 - slFr:968 - slTo:968 - nlA:0
    Line Starts: 153:2899 154:2900 155:2909 156:2910
  CMD: WM_LBUTTONUP (D)
    Extend Selection - Text: 2608f20 - L: 46 - C: 10 (x1)
    Text - sz:156:2910 - slFr:46:8:968 - slTo:46:8:968 - nlA:0
    Line Starts: 153:2899 154:2900 155:2909 156:2910
  CMD: WM_CHAR [)] (D) (x22) [hars (KEY_INPUT_SHIFT)]
    Keystroke - Text: 2608f20 - ch: 41
    Text - sz:156:2931 - slFr:46:29:989 - slTo:46:29:989 - nlA:0
    Line Starts: 153:2920 154:2921 155:2930 156:2931
    Keystroke (2) - sz:156:2932 - slFr:990 - slTo:990 - nlA:0
    Line Starts: 153:2921 154:2922 155:2931 156:2932
  CMD: WM_LBUTTONDOWN (D)
    Set Selection (1) - Text: 2608f20 - L: 46 - C: 23
    Text - sz:156:2932 - slFr:46:30:990 - slTo:46:30:990 - nlA:0
    Line Starts: 153:2921 154:2922 155:2931 156:2932
    Set Selection (2) - sz:156:2932 - slFr:983 - slTo:983 - nlA:0
    Line Starts: 153:2921 154:2922 155:2931 156:2932
  CMD: WM_LBUTTONUP (D)
    Extend Selection - Text: 2608f20 - L: 46 - C: 23 (x1)
    Text - sz:156:2932 - slFr:46:23:983 - slTo:46:23:983 - nlA:0
    Line Starts: 153:2921 154:2922 155:2931 156:2932
  CMD: WM_CHAR [#8] (D)
    Keystroke - Text: 2608f20 - ch: 8
    Text - sz:156:2932 - slFr:983 - slTo:983 - nlA:0
    Line Starts: 153:2921 154:2922 155:2931 156:2932
    Keystroke (2) - sz:156:2931 - slFr:982 - slTo:982 - nlA:0
    Line Starts: 153:2920 154:2921 155:2930 156:2931
  CMD: WM_CHAR [#8] (D)
    Keystroke - Text: 2608f20 - ch: 8
    Text - sz:156:2931 - slFr:46:22:982 - slTo:46:22:982 - nlA:0
    Line Starts: 153:2920 154:2921 155:2930 156:2931
    Keystroke (2) - sz:156:2930 - slFr:981 - slTo:981 - nlA:0
    Line Starts: 153:2919 154:2920 155:2929 156:2930
  CMD: WM_CHAR [#8] (D)
    Keystroke - Text: 2608f20 - ch: 8
    Text - sz:156:2930 - slFr:46:21:981 - slTo:46:21:981 - nlA:0
    Line Starts: 153:2919 154:2920 155:2929 156:2930
    Keystroke (2) - sz:156:2929 - slFr:980 - slTo:980 - nlA:0
    Line Starts: 153:2918 154:2919 155:2928 156:2929
  CMD: WM_CHAR [#8] (D)
    Keystroke - Text: 2608f20 - ch: 8
    Text - sz:156:2929 - slFr:46:20:980 - slTo:46:20:980 - nlA:0
    Line Starts: 153:2918 154:2919 155:2928 156:2929
    Keystroke (2) - sz:156:2928 - slFr:979 - slTo:979 - nlA:0
    Line Starts: 153:2917 154:2918 155:2927 156:2928
  CMD: WM_CHAR [#8] (D)
    Keystroke - Text: 2608f20 - ch: 8
    Text - sz:156:2928 - slFr:46:19:979 - slTo:46:19:979 - nlA:0
    Line Starts: 153:2917 154:2918 155:2927 156:2928
    Keystroke (2) - sz:156:2927 - slFr:978 - slTo:978 - nlA:0
    Line Starts: 153:2916 154:2917 155:2926 156:2927
  CMD: WM_CHAR [#8] (D)
    Keystroke - Text: 2608f20 - ch: 8
    Text - sz:156:2927 - slFr:46:18:978 - slTo:46:18:978 - nlA:0
    Line Starts: 153:2916 154:2917 155:2926 156:2927
    Keystroke (2) - sz:156:2926 - slFr:977 - slTo:977 - nlA:0
    Line Starts: 153:2915 154:2916 155:2925 156:2926
  CMD: COMMAND_MOVE/SELECT_COLUMN_RIGHT
    Move Column Right - Text: 2608f20 - Select: 0
    Text - sz:156:2926 - slFr:46:17:977 - slTo:46:17:977 - nlA:0
    Line Starts: 153:2915 154:2916 155:2925 156:2926
  CMD: COMMAND_MOVE/SELECT_COLUMN_RIGHT
    Move Column Right - Text: 2608f20 - Select: 0
    Text - sz:156:2926 - slFr:46:18:978 - slTo:46:18:978 - nlA:0
    Line Starts: 153:2915 154:2916 155:2925 156:2926
  CMD: COMMAND_MOVE/SELECT_COLUMN_RIGHT
    Move Column Right - Text: 2608f20 - Select: 0
    Text - sz:156:2926 - slFr:46:19:979 - slTo:46:19:979 - nlA:0
    Line Starts: 153:2915 154:2916 155:2925 156:2926
  CMD: COMMAND_MOVE/SELECT_COLUMN_RIGHT
    Move Column Right - Text: 2608f20 - Select: 0
    Text - sz:156:2926 - slFr:46:20:980 - slTo:46:20:980 - nlA:0
    Line Starts: 153:2915 154:2916 155:2925 156:2926
  CMD: COMMAND_MOVE/SELECT_COLUMN_RIGHT
    Move Column Right - Text: 2608f20 - Select: 0
    Text - sz:156:2926 - slFr:46:21:981 - slTo:46:21:981 - nlA:0
    Line Starts: 153:2915 154:2916 155:2925 156:2926
  CMD: COMMAND_MOVE/SELECT_COLUMN_RIGHT
    Move Column Right - Text: 2608f20 - Select: 0
    Text - sz:156:2926 - slFr:46:22:982 - slTo:46:22:982 - nlA:0
    Line Starts: 153:2915 154:2916 155:2925 156:2926
  CMD: COMMAND_MOVE/SELECT_COLUMN_RIGHT
    Move Column Right - Text: 2608f20 - Select: 0
    Text - sz:156:2926 - slFr:46:23:983 - slTo:46:23:983 - nlA:0
    Line Starts: 153:2915 154:2916 155:2925 156:2926
  CMD: WM_CHAR [n] (D) (x5) [ then]
    Keystroke - Text: 2608f20 - ch: 110
    Text - sz:156:2930 - slFr:46:28:988 - slTo:46:28:988 - nlA:0
    Line Starts: 153:2919 154:2920 155:2929 156:2930
    Keystroke (2) - sz:156:2931 - slFr:989 - slTo:989 - nlA:0
    Line Starts: 153:2920 154:2921 155:2930 156:2931
  CMD: WM_CHAR [#13] (D)
    Keystroke - Text: 2608f20 - ch: 13
    Text - sz:156:2931 - slFr:46:29:989 - slTo:46:29:989 - nlA:0
    Line Starts: 153:2920 154:2921 155:2930 156:2931
    Keystroke (2) - sz:157:2936 - slFr:994 - slTo:994 - nlA:0
    Line Starts: 154:2925 155:2926 156:2935 157:2936
  CMD: WM_CHAR [#9] (D)
    Keystroke - Text: 2608f20 - ch: 9
    Text - sz:157:2936 - slFr:47:4:994 - slTo:47:4:994 - nlA:0
    Line Starts: 154:2925 155:2926 156:2935 157:2936
    Keystroke (2) - sz:157:2940 - slFr:998 - slTo:998 - nlA:0
    Line Starts: 154:2929 155:2930 156:2939 157:2940
  CMD: WM_CHAR [2] (D) (x10) [x := x + 2]
    Keystroke - Text: 2608f20 - ch: 50
    Text - sz:157:2949 - slFr:47:17:1007 - slTo:47:17:1007 - nlA:0
    Line Starts: 154:2938 155:2939 156:2948 157:2949
    Keystroke (2) - sz:157:2950 - slFr:1008 - slTo:1008 - nlA:0
    Line Starts: 154:2939 155:2940 156:2949 157:2950
  CMD: WM_CHAR [#13] (D)
    Keystroke - Text: 2608f20 - ch: 13
    Text - sz:157:2950 - slFr:47:18:1008 - slTo:47:18:1008 - nlA:0
    Line Starts: 154:2939 155:2940 156:2949 157:2950
    Keystroke (2) - sz:158:2959 - slFr:1017 - slTo:1017 - nlA:0
    Line Starts: 155:2948 156:2949 157:2958 158:2959
  CMD: WM_CHAR [2] (D) (x10) [y := y + 2]
    Keystroke - Text: 2608f20 - ch: 50
    Text - sz:158:2968 - slFr:48:17:1026 - slTo:48:17:1026 - nlA:0
    Line Starts: 155:2957 156:2958 157:2967 158:2968
    Keystroke (2) - sz:158:2969 - slFr:1027 - slTo:1027 - nlA:0
    Line Starts: 155:2958 156:2959 157:2968 158:2969
  CMD: WM_CHAR [#13] (D)
    Keystroke - Text: 2608f20 - ch: 13
    Text - sz:158:2969 - slFr:48:18:1027 - slTo:48:18:1027 - nlA:0
    Line Starts: 155:2958 156:2959 157:2968 158:2969
    Keystroke (2) - sz:159:2978 - slFr:1036 - slTo:1036 - nlA:0
    Line Starts: 156:2967 157:2968 158:2977 159:2978
  CMD: WM_CHAR [f] (D) (x6) [end if]
    Keystroke - Text: 2608f20 - ch: 102
    Text - sz:159:2983 - slFr:49:13:1041 - slTo:49:13:1041 - nlA:0
    Line Starts: 156:2972 157:2973 158:2982 159:2983
    Keystroke (2) - sz:159:2984 - slFr:1042 - slTo:1042 - nlA:0
    Line Starts: 156:2973 157:2974 158:2983 159:2984
  CMD: WM_SETFOCUS (W)
  CMD: COMMAND_INDENT
    Indent (1) - Text: 2608f20
    Text - sz:159:2984 - slFr:49:14:1042 - slTo:49:14:1042 - nlA:0
    Line Starts: 156:2973 157:2974 158:2983 159:2984


Registers
  EAX=00000004  EBX=00000001  ECX=00000000  EDX=0000006F  ESI=00000456
  EDI=0019CD58  EBP=0019CD58  ESP=0019CC30  EIP=00479728  FLG=00010246
  CS=0023  DS=002B  SS=002B  ES=002B  FS=0053  GS=002B

List of Modules: 
    N:\Turing\turing.exe
    C:\Windows\SYSTEM32\ntdll.dll
    C:\Windows\SYSTEM32\KERNEL32.DLL
    C:\Windows\SYSTEM32\KERNELBASE.dll
    C:\Windows\SYSTEM32\USER32.dll
    C:\Windows\SYSTEM32\GDI32.dll
    C:\Windows\SYSTEM32\comdlg32.dll
    C:\Windows\SYSTEM32\msvcrt.dll
    C:\Windows\WinSxS\x86_microsoft.windows.common-controls_6595b64144ccf1df_5.82.10586.0_none_811bc0006c44242b\COMCTL32.dll
    C:\Windows\SYSTEM32\ADVAPI32.dll
    C:\Windows\SYSTEM32\combase.dll
    C:\Windows\SYSTEM32\sechost.dll
    C:\Windows\SYSTEM32\RPCRT4.dll
    C:\Windows\SYSTEM32\SspiCli.dll
    C:\Windows\SYSTEM32\CRYPTBASE.dll
    C:\Windows\SYSTEM32\bcryptPrimitives.dll
    C:\Windows\SYSTEM32\shcore.dll
    C:\Windows\SYSTEM32\SHLWAPI.dll
    C:\Windows\SYSTEM32\SHELL32.dll
    C:\Windows\SYSTEM32\cfgmgr32.dll
    C:\Windows\SYSTEM32\windows.storage.dll
    C:\Windows\SYSTEM32\kernel.appcore.dll
    C:\Windows\SYSTEM32\powrprof.dll
    C:\Windows\SYSTEM32\profapi.dll
    C:\Windows\SYSTEM32\FirewallAPI.dll
    C:\Windows\SYSTEM32\NETAPI32.dll
    C:\Windows\SYSTEM32\WINMM.dll
    C:\Windows\SYSTEM32\VERSION.dll
    C:\Windows\SYSTEM32\DAVHLPR.DLL
    C:\Windows\SYSTEM32\winmmbase.dll
    C:\Windows\SYSTEM32\IMM32.DLL
    C:\Windows\SYSTEM32\fwbase.dll
    C:\Windows\system32\uxtheme.dll
    C:\Windows\SYSTEM32\MSCTF.dll
    C:\Windows\system32\dwmapi.dll
    C:\Windows\SYSTEM32\psapi.dll
    C:\Windows\SYSTEM32\ws2_32.dll
    C:\Windows\WinSxS\x86_microsoft.windows.common-controls_6595b64144ccf1df_6.0.10586.0_none_d3c2e4e965da4528\comctl32.DLL
    C:\Windows\SYSTEM32\DINPUT.DLL
    C:\Windows\SYSTEM32\HID.DLL
    C:\Windows\SYSTEM32\SETUPAPI.DLL
    C:\Windows\SYSTEM32\DEVOBJ.dll
    C:\Windows\SYSTEM32\WINTRUST.dll
    C:\Windows\SYSTEM32\MSASN1.dll
    C:\Windows\SYSTEM32\CRYPT32.dll
    C:\Windows\SYSTEM32\MMDevAPI.DLL
    C:\Windows\SYSTEM32\PROPSYS.dll
    C:\Windows\SYSTEM32\OLEAUT32.dll
    C:\Windows\SYSTEM32\wdmaud.drv
    C:\Windows\SYSTEM32\ksuser.dll
    C:\Windows\SYSTEM32\AVRT.dll
    C:\Windows\SYSTEM32\AUDIOSES.DLL
    C:\Windows\SYSTEM32\wintypes.dll
    C:\Windows\SYSTEM32\msacm32.drv
    C:\Windows\SYSTEM32\MSACM32.dll
    C:\Windows\SYSTEM32\midimap.dll
    C:\Windows\SYSTEM32\dbghelp.dll

  0 .V PC=0023:00479728 Ret=0047b152 Frame=0019cc2c Stack=0019cc30
    Parameters (0x00000000 0x0019d188 0xcccccccc 0xcccccccc)
    P:\turing\src\paraoot.c, Paragrapher_AdvanceInputColumn (), Line 0381+0000 byte(s)
  1 .V PC=0023:0047b152 Ret=00478dab Frame=0019cd58 Stack=0019cc34
    Parameters (0x0019d1e8 0xcccccccc 0xcccccccc 0xcccccccc)
    P:\turing\src\paraoot.c, Paragrapher_TrimLine (), Line 1765+0013 byte(s)
  2 .V PC=0023:00478dab Ret=00478ba4 Frame=0019d188 Stack=0019cd60
    Parameters (0x0019d248 0x0260cf7a 0xcccccccc 0x00000000)
    P:\turing\src\paraoot.c, Paragrapher_ParagraphLine (), Line 1788+0000 byte(s)
  3 .V PC=0023:00478ba4 Ret=004581d4 Frame=0019d1e8 Stack=0019d190
    Parameters (0x0019d1f8 0x0019d20c 0x0260cf68 0x0019d248)
    P:\turing\src\paraoot.c, Paragrapher_Para (), Line 2422+0000 byte(s)
  4 .V PC=0023:004581d4 Ret=0045020e Frame=0019d1fc Stack=0019d1f0
    Parameters (0x0001043a 0x0260cf68 0x00000ba8 0x0019d228)
    P:\ready\src\edtur.c, EdTur_Indent (), Line 0374+0013 byte(s)
  5 .V PC=0023:0045020e Ret=00434933 Frame=0019d248 Stack=0019d204
    Parameters (0x0001043a 0x02608f20 0x0019da98 0xcccccccc)
    P:\ready\src\edtext.c, EdText_Indent (), Line 0861+0034 byte(s)
  6 .V PC=0023:00434933 Ret=0043194f Frame=0019d664 Stack=0019d250
    Parameters (0x0001043a 0x0019daf8 0x00000456 0xcccccccc)
    P:\ready\src\eddisp.c, MyEditIndent (), Line 5342+0013 byte(s)
  7 .V PC=0023:0043194f Ret=0042fc22 Frame=0019da98 Stack=0019d66c
    Parameters (0x0001043a 0x00000456 0x0042f546 0x00000456)
    P:\ready\src\eddisp.c, MyCommandHandler (), Line 3164+0009 byte(s)
  8 .V PC=0023:0042fc22 Ret=0042f5a1 Frame=0019daf8 Stack=0019daa0
    Parameters (0x0001043a 0x00000111 0x00000456 0x00000001)
    P:\ready\src\eddisp.c, MyCommonMessageHandler (), Line 3494+0019 byte(s)
  9 .V PC=0023:0042f5a1 Ret=750084e3 Frame=0019db20 Stack=0019db00
    Parameters (0x0001043a 0x00000111 0x00000456 0x00000001)
    P:\ready\src\eddisp.c, MyTextDisplayWindowProcedure (), Line 1968+0025 byte(s)
 10 .V PC=0023:750084e3 Ret=74fe6c30 Frame=0019db4c Stack=0019db28
    Parameters (0x0042f546 0x0001043a 0x00000111 0x00000456)
    Unknown module, SetManipulationInputTarget() + 0083 byte(s)
 11 .V PC=0023:74fe6c30 Ret=74fe612a Frame=0019dbf4 Stack=0019db54
    Parameters (0x0042f546 0x00000000 0x00000111 0x00000456)
    Unknown module, CallWindowProcW() + 0768 byte(s)
 12 .V PC=0023:74fe612a Ret=74ffa274 Frame=0019dc58 Stack=0019dbfc
    Parameters (0x0122fb70 0x00000000 0x00000001 0x00000001)
    Unknown module, SendMessageW() + 0922 byte(s)
 13 .V PC=0023:74ffa274 Ret=004201f7 Frame=0019dc78 Stack=0019dc60
    Parameters (0x0001043a 0x00000111 0x00000456 0x00000001)
    Unknown module, SendMessageA() + 0084 byte(s)
 14 .V PC=0023:004201f7 Ret=750084e3 Frame=0019dcb0 Stack=0019dc80
    Parameters (0x000103f0 0x00000111 0x00000456 0x0001041a)
    P:\ready\src\edwin.c, MyEditorWindowProcedure (), Line 1497+0032 byte(s)
 15 .V PC=0023:750084e3 Ret=74fe6c30 Frame=0019dcdc Stack=0019dcb8
    Parameters (0x0041ff99 0x000103f0 0x00000111 0x00000456)
    Unknown module, SetManipulationInputTarget() + 0083 byte(s)
 16 .V PC=0023:74fe6c30 Ret=74fe612a Frame=0019dd84 Stack=0019dce4
    Parameters (0x0041ff99 0x00000000 0x00000111 0x00000456)
    Unknown module, CallWindowProcW() + 0768 byte(s)
 17 .V PC=0023:74fe612a Ret=74ffa274 Frame=0019ddec Stack=0019dd8c
    Parameters (0x0122ad90 0x00000000 0x0001041a 0x00000001)
    Unknown module, SendMessageW() + 0922 byte(s)
 18 .V PC=0023:74ffa274 Ret=0043b519 Frame=0019de0c Stack=0019ddf4
    Parameters (0x000103f0 0x00000111 0x00000456 0x0001041a)
    Unknown module, SendMessageA() + 0084 byte(s)
 19 .V PC=0023:0043b519 Ret=750084e3 Frame=0019de90 Stack=0019de14
    Parameters (0x00010400 0x00000111 0x00000456 0x0001041a)
    P:\ready\src\edbbar.c, MyButtonBarWindowProcedure (), Line 0579+0041 byte(s)
 20 .V PC=0023:750084e3 Ret=74fe6c30 Frame=0019debc Stack=0019de98
    Parameters (0x0043b355 0x00010400 0x00000111 0x00000456)
    Unknown module, SetManipulationInputTarget() + 0083 byte(s)
 21 .V PC=0023:74fe6c30 Ret=74fe612a Frame=0019df64 Stack=0019dec4
    Parameters (0x0043b355 0x00000000 0x00000111 0x00000456)
    Unknown module, CallWindowProcW() + 0768 byte(s)
 22 .V PC=0023:74fe612a Ret=74fe5ed3 Frame=0019dfc8 Stack=0019df6c
    Parameters (0x01226710 0x00000000 0x0001041a 0x00000000)
    Unknown module, SendMessageW() + 0922 byte(s)
 23 .V PC=0023:74fe5ed3 Ret=75029a4b Frame=0019e000 Stack=0019dfd0
    Parameters (0x00010400 0x00000111 0x00000456 0x0001041a)
    Unknown module, SendMessageW() + 0323 byte(s)
 24 .V PC=0023:75029a4b Ret=750294d8 Frame=0019e028 Stack=0019e008
    Parameters (0x0122dea0 0x00000000 0x00000000 0x008cdd30)
    Unknown module, LoadCursorFromFileW() + 16683 byte(s)
 25 .V PC=0023:750294d8 Ret=75027b42 Frame=0019e050 Stack=0019e030
    Parameters (0x008cdd30 0x00000000 0x0122dea0 0x00000202)
    Unknown module, LoadCursorFromFileW() + 15288 byte(s)
 26 .V PC=0023:75027b42 Ret=75026ff2 Frame=0019e0ec Stack=0019e058
    Parameters (0x0122dea0 0x00000000 0x00000202 0x00000000)
    Unknown module, LoadCursorFromFileW() + 8738 byte(s)
 27 .V PC=0023:75026ff2 Ret=750084e3 Frame=0019e118 Stack=0019e0f4
    Parameters (0x0001041a 0x00000202 0x00000000 0x000c0008)
    Unknown module, LoadCursorFromFileW() + 5842 byte(s)
 28 .V PC=0023:750084e3 Ret=74fe6c30 Frame=0019e144 Stack=0019e120
    Parameters (0x75026fa0 0x0001041a 0x00000202 0x00000000)
    Unknown module, SetManipulationInputTarget() + 0083 byte(s)
 29 .V PC=0023:74fe6c30 Ret=74fe6531 Frame=0019e1ec Stack=0019e14c
    Parameters (0x2eb74a90 0x00007ffe 0x00000202 0x00000000)
    Unknown module, CallWindowProcW() + 0768 byte(s)
 30 .V PC=0023:74fe6531 Ret=75006f20 Frame=0019e258 Stack=0019e1f4
    Parameters (0x0019e270 0x00417536 0x0019e280 0x0019e27c)
    Unknown module, DispatchMessageW() + 0593 byte(s)
 31 .V PC=0023:75006f20 Ret=00417536 Frame=0019e260 Stack=0019e260
    Parameters (0x0019e280 0x0019e27c 0x0019e2a0 0x004174a1)
    Unknown module, DispatchMessageA() + 0016 byte(s)
 32 .V PC=0023:00417536 Ret=004174a1 Frame=0019e270 Stack=0019e268
    Parameters (0x0019e280 0x0019e2a8 0x0001041a 0x00000202)
    P:\ready\src\ed.c, MyProcessMessage (), Line 1856+0012 byte(s)
 33 .V PC=0023:004174a1 Ret=00415862 Frame=0019e2a0 Stack=0019e278
    Parameters (0x00401000 0x00401000 0xcccccccc 0xcccccccc)
    P:\ready\src\ed.c, MyProcessEvents (), Line 1826+0009 byte(s)
 34 .V PC=0023:00415862 Ret=00401126 Frame=0019fef0 Stack=0019e2a8
    Parameters (0x00400000 0x00000000 0x008a1bb7 0x00000001)
    P:\ready\src\ed.c, WinMain (), Line 0470+0005 byte(s)
 35 .V PC=0023:00401126 Ret=756238f4 Frame=0019ff80 Stack=0019fef8
    Parameters (0x0038a000 0x756238d0 0x28577835 0x0019ffdc)
    crt0.c, WinMainCRTStartup (), Line 0198+0054 byte(s)
 36 .V PC=0023:756238f4 Ret=76f75663 Frame=0019ff94 Stack=0019ff88
    Parameters (0x0038a000 0x2a3a8938 0x00000000 0x00000000)
    Unknown module, BaseThreadInitThunk() + 0036 byte(s)
 37 .V PC=0023:76f75663 Ret=76f7562e Frame=0019ffdc Stack=0019ff9c
    Parameters (0xffffffff 0x76f9bb7b 0x00000000 0x00000000)
    Unknown module, RtlUnicodeStringToInteger() + 0595 byte(s)
 38 .V PC=0023:76f7562e Ret=00000000 Frame=0019ffec Stack=0019ffe4
    Parameters (0x00401000 0x0038a000 0x00000000 0x78746341)
    Unknown module, RtlUnicodeStringToInteger() + 0542 byte(s)

------------------------------------------------------
*** ENVIRONMENT CRASH ***

Date: Nov 9 2016 1:30 PM

File Name: N:\Turing\turing.exe
Version: 4.1  [IBM/11]
File Size: 3059755
File Date: Feb 5 2005 7:56 PM
Operating System: After Windows XP
JVM: Ready Built-in JRE (1.4.2 or later)
"assert" Statements: disabled


Cause of Crash: In Page Error

Previous Operations:
  CMD: WM_CHAR [#8] (D)
    Keystroke - Text: 24f8f88 - ch: 8
    Text - sz:282:7213 - slFr:29:16:916 - slTo:29:16:916 - nlA:0
    Line Starts: 279:7180 280:7193 281:7204 282:7213
    Keystroke (2) - sz:282:7212 - slFr:915 - slTo:915 - nlA:0
    Line Starts: 279:7179 280:7192 281:7203 282:7212
  CMD: WM_CHAR [#8] (D)
    Keystroke - Text: 24f8f88 - ch: 8
    Text - sz:282:7212 - slFr:29:15:915 - slTo:29:15:915 - nlA:0
    Line Starts: 279:7179 280:7192 281:7203 282:7212
    Keystroke (2) - sz:282:7211 - slFr:914 - slTo:914 - nlA:0
    Line Starts: 279:7178 280:7191 281:7202 282:7211
  CMD: WM_CHAR [ ] (D) (x2) [  ]
    Keystroke - Text: 24f8f88 - ch: 32
    Text - sz:282:7212 - slFr:29:15:915 - slTo:29:15:915 - nlA:0
    Line Starts: 279:7179 280:7192 281:7203 282:7212
    Keystroke (2) - sz:282:7213 - slFr:916 - slTo:916 - nlA:0
    Line Starts: 279:7180 280:7193 281:7204 282:7213
  CMD: WM_CHAR [#8] (D)
    Keystroke - Text: 24f8f88 - ch: 8
    Text - sz:282:7213 - slFr:29:16:916 - slTo:29:16:916 - nlA:0
    Line Starts: 279:7180 280:7193 281:7204 282:7213
    Keystroke (2) - sz:282:7212 - slFr:915 - slTo:915 - nlA:0
    Line Starts: 279:7179 280:7192 281:7203 282:7212
  CMD: WM_CHAR [#8] (D)
    Keystroke - Text: 24f8f88 - ch: 8
    Text - sz:282:7212 - slFr:29:15:915 - slTo:29:15:915 - nlA:0
    Line Starts: 279:7179 280:7192 281:7203 282:7212
    Keystroke (2) - sz:282:7211 - slFr:914 - slTo:914 - nlA:0
    Line Starts: 279:7178 280:7191 281:7202 282:7211
  CMD: WM_CHAR [#8] (D)
    Keystroke - Text: 24f8f88 - ch: 8
    Text - sz:282:7211 - slFr:29:14:914 - slTo:29:14:914 - nlA:0
    Line Starts: 279:7178 280:7191 281:7202 282:7211
    Keystroke (2) - sz:282:7210 - slFr:913 - slTo:913 - nlA:0
    Line Starts: 279:7177 280:7190 281:7201 282:7210
  CMD: WM_CHAR [#8] (D)
    Keystroke - Text: 24f8f88 - ch: 8
    Text - sz:282:7210 - slFr:29:13:913 - slTo:29:13:913 - nlA:0
    Line Starts: 279:7177 280:7190 281:7201 282:7210
    Keystroke (2) - sz:282:7209 - slFr:912 - slTo:912 - nlA:0
    Line Starts: 279:7176 280:7189 281:7200 282:7209
  CMD: WM_CHAR [#8] (D)
    Keystroke - Text: 24f8f88 - ch: 8
    Text - sz:282:7209 - slFr:29:12:912 - slTo:29:12:912 - nlA:0
    Line Starts: 279:7176 280:7189 281:7200 282:7209
    Keystroke (2) - sz:282:7208 - slFr:911 - slTo:911 - nlA:0
    Line Starts: 279:7175 280:7188 281:7199 282:7208
  CMD: WM_CHAR [#8] (D)
    Keystroke - Text: 24f8f88 - ch: 8
    Text - sz:282:7208 - slFr:29:11:911 - slTo:29:11:911 - nlA:0
    Line Starts: 279:7175 280:7188 281:7199 282:7208
    Keystroke (2) - sz:282:7207 - slFr:910 - slTo:910 - nlA:0
    Line Starts: 279:7174 280:7187 281:7198 282:7207
  CMD: WM_CHAR [ ] (D) (x2) [" ]
    Keystroke - Text: 24f8f88 - ch: 32
    Text - sz:282:7208 - slFr:29:11:911 - slTo:29:11:911 - nlA:0
    Line Starts: 279:7175 280:7188 281:7199 282:7208
    Keystroke (2) - sz:282:7209 - slFr:912 - slTo:912 - nlA:0
    Line Starts: 279:7176 280:7189 281:7200 282:7209
  CMD: WM_CHAR [#8] (D)
    Keystroke - Text: 24f8f88 - ch: 8
    Text - sz:282:7209 - slFr:29:12:912 - slTo:29:12:912 - nlA:0
    Line Starts: 279:7176 280:7189 281:7200 282:7209
    Keystroke (2) - sz:282:7208 - slFr:911 - slTo:911 - nlA:0
    Line Starts: 279:7175 280:7188 281:7199 282:7208
  CMD: WM_CHAR [#8] (D)
    Keystroke - Text: 24f8f88 - ch: 8
    Text - sz:282:7208 - slFr:29:11:911 - slTo:29:11:911 - nlA:0
    Line Starts: 279:7175 280:7188 281:7199 282:7208
    Keystroke (2) - sz:282:7207 - slFr:910 - slTo:910 - nlA:0
    Line Starts: 279:7174 280:7187 281:7198 282:7207
  CMD: WM_CHAR [ ] (D) (x4) [' ' ]
    Keystroke - Text: 24f8f88 - ch: 32
    Text - sz:282:7210 - slFr:29:13:913 - slTo:29:13:913 - nlA:0
    Line Starts: 279:7177 280:7190 281:7201 282:7210
    Keystroke (2) - sz:282:7211 - slFr:914 - slTo:914 - nlA:0
    Line Starts: 279:7178 280:7191 281:7202 282:7211
  CMD: WM_CHAR [#8] (D)
    Keystroke - Text: 24f8f88 - ch: 8
    Text - sz:282:7211 - slFr:29:14:914 - slTo:29:14:914 - nlA:0
    Line Starts: 279:7178 280:7191 281:7202 282:7211
    Keystroke (2) - sz:282:7210 - slFr:913 - slTo:913 - nlA:0
    Line Starts: 279:7177 280:7190 281:7201 282:7210
  CMD: WM_CHAR [t] (D) (x11) [) then exit]
    Keystroke - Text: 24f8f88 - ch: 116
    Text - sz:282:7220 - slFr:29:23:923 - slTo:29:23:923 - nlA:0
    Line Starts: 279:7187 280:7200 281:7211 282:7220
    Keystroke (2) - sz:282:7221 - slFr:924 - slTo:924 - nlA:0
    Line Starts: 279:7188 280:7201 281:7212 282:7221
  CMD: WM_CHAR [#13] (D)
    Keystroke - Text: 24f8f88 - ch: 13
    Text - sz:282:7221 - slFr:29:24:924 - slTo:29:24:924 - nlA:0
    Line Starts: 279:7188 280:7201 281:7212 282:7221
    Keystroke (2) - sz:283:7222 - slFr:925 - slTo:925 - nlA:0
    Line Starts: 280:7189 281:7202 282:7213 283:7222
  CMD: WM_CHAR [f] (D) (x6) [end if]
    Keystroke - Text: 24f8f88 - ch: 102
    Text - sz:283:7227 - slFr:30:5:930 - slTo:30:5:930 - nlA:0
    Line Starts: 280:7194 281:7207 282:7218 283:7227
    Keystroke (2) - sz:283:7228 - slFr:931 - slTo:931 - nlA:0
    Line Starts: 280:7195 281:7208 282:7219 283:7228
  CMD: WM_INITMENU (W)
  CMD: COMMAND_SAVE_FILE
    Save File (1) - Window: 10514 - SaveAs: 0 - Sel: 0 - fileno: 1 - sizeptr: 68ab48
    Save File (2) - name: H:\Computer Studies\Assignments\Maze\Maze Assignment.t - fileno: 1 - sizeptr: 68ab48
  CMD: WM_SETFOCUS (W)
  CMD: COMMAND_RUN
    Run (1) - Window: 10514 - Ex: 1 - Args: 0 - Step: 0
    Turing Language Freeing Memory
    MIO_Init_Free called
    Object Freed 0
    Debugger Notify Init Run
    Deallocating object 5004 (free=1)
    Deallocating object 5003 (free=1)
    Deallocating object 7002 (free=1)
    Deallocating object 7001 (free=1)
    Deallocating object 0 (free=1)
    MIO_Init_Run called
    MIO_Init_Free called
    Debugger Notify Init Run
    Create standard input/output window
    MIOWin_CreateWindowFromAttribs (No Title)
    MIOWin_InitializeWindow: Create button bar
    MIOWin_InitializeWindow: Create inner grph win
  CMD: WM_ACTIVATE (W)
    MIOWin_InitializeWindow: Window initialized
    Object Allocated 11 -2
    Object Allocated 11 -1
    Create standard error window
    MIOWin_CreateWindowFromAttribs (Standard Error)
    MIOWin_InitializeWindow: Create button bar
    MIOWin_InitializeWindow: Create inner text win
    MIOWin_InitializeWindow: Window initialized
    Object Allocated 11 0
    Object Allocated 22 7001
    Object Allocated 22 7002
    Object Allocated 20 5003
    Object Allocated 20 5004
    View/Window.Set called (graphics:600,600,position:500,500,nobuttonbar,title: Maze (By Connor))
    MIOWin_CreateWindowFromAttribs (Maze (By Connor))
    MIOWin_InitializeWindow: Create button bar
    MIOWin_InitializeWindow: Create inner grph win
    MIOWin_InitializeWindow: Window initialized
    Substitute Run Window 3104d4 7104b0 (graphics:600,600,position:500,500,nobuttonbar,title: Maze (By Connor))
    Run Window Added 7104b0 
  CMD: WM_ACTIVATE (W)
  CMD: WM_ACTIVATE (W)
    Object Freed 5003
    Object Freed 5004


Registers
  EAX=005E0158  EBX=00000001  ECX=005E0158  EDX=7EFEFEFF  ESI=00195B7C
  EDI=001945D0  EBP=001945BC  ESP=001945A0  EIP=00405D8B  FLG=00210246
  CS=0023  DS=002B  SS=002B  ES=002B  FS=0053  GS=002B

Not enough space for modules.

------------------------------------------------------
